CELL_PARAMETERS (angstrom)
         6.885586149         0.002285727         0.005905342
        -3.396089584         6.060624745        -0.123025348
        -0.203937463         0.873372119        27.372388174

ATOMIC_POSITIONS (angstrom)
   Mo         1.943661047         1.141198743        -0.201865006
   Mo        -0.002871736         4.106631022         0.322309520
   Mo         4.925429189         1.286476492        -0.159295097
   Mo         3.483160827         4.007532785         0.638399078
   Mo        -0.246613043         3.334571193        21.177205026
   Mo        -1.769284095         6.249945168        20.360809779
   Mo         3.232073573         3.278239561        21.086083189
   Mo         1.636968861         6.235178413        20.499190344
   Mo        -0.143767240         1.771303397         5.810087781
   Mo        -1.713843267         5.161057378         6.671624467
   Mo         3.372622275         2.040131260         6.470957690
   Mo         1.689541313         5.078983131         6.169263030
    S        -0.106412075         2.127567695         1.488841650
    S        -1.672129666         5.459732099         1.519392011
    S         3.370895033         1.923143370         1.695323806
    S         1.719947653         5.450345814         1.501766161
    S         1.482950804         2.007674104        22.236724528
    S        -0.448752533         5.377078582        22.295860882
    S         4.923808503         2.040913937        22.330349637
    S         2.801010772         5.155238345        22.408914320
    S         1.453386633         1.316907512         7.795430266
    S         0.154808062         4.972624607         8.102855035
    S         5.384952645         1.784090978         7.788931396
    S         3.310005191         4.192503385         7.877043792
    S        -0.215754059         1.479373346        25.816417156
    S        -2.127222653         4.369724079        26.164576806
    S         3.293241078         0.834501249        25.790381222
    S         1.737089315         4.279490749        26.222595330
    S         2.770749868         1.857005716        19.151825398
    S         0.052016298         4.903297769        19.236441582
    S         6.208412117         1.899245597        19.285559216
    S         3.471871974         4.966470935        19.233099218
    S         1.498253717         0.544774010         4.763167648
    S        -0.227995941         4.070089686         5.019848230
    S         4.783739311         0.917503689         4.717299933
    S         2.962329317         3.680071736         4.694373207
