CELL_PARAMETERS (angstrom)
         6.737735189        -0.096658752        -0.006811588
        -3.667504150         5.909785863         0.030224250
        -1.070678190        -1.409512847        12.882982919

ATOMIC_POSITIONS (angstrom)
   Mo         0.432052228         1.306922157         3.733009605
   Mo        -1.858121288         4.415905178         2.905626747
   Mo         3.437565131         1.533990471         2.986503608
   Mo         1.997755990         4.249192575         3.834308721
   Mo         0.037359390        -0.614844336         9.518209446
   Mo        -1.926318301         2.594213948         9.417047975
   Mo         3.594610801        -0.347137085         9.619952661
   Mo         1.640109789         2.895606282         9.624801662
    S         0.928212220        -0.736334814         4.978103502
    S        -0.229422485         3.524825766         4.618455990
    S         4.978683115         0.562629309         4.733316051
    S         2.362644203         2.204223971         5.012990178
    S        -1.624585402         0.765307657        11.049161493
    S        -3.474098068         3.704484215        11.247072445
    S         1.751572554         0.777672200        11.105538328
    S        -0.268857432         3.694621660        11.197128481
    S         1.491174912         0.634173640         1.696739316
    S         0.315342315         5.245438133         2.078202027
    S         5.632849180         2.103627786         1.934844998
    S         2.945461498         3.512511194         1.729517137
    S        -0.138409235         1.836473350         8.014878460
    S        -1.925566267         4.609952838         7.999142928
    S         3.171235994         1.592798072         7.967654064
    S         1.496796812         4.605688066         7.881849349
