CELL_PARAMETERS (angstrom)
         7.041010337        -0.093662626        -0.014951320
        -3.589332652         6.081836773         0.052167956
        -0.542891715        -2.384212403        26.028401161

ATOMIC_POSITIONS (angstrom)
   Mo         1.508781892         1.072183454         0.119958830
   Mo        -0.015042410         3.922545153         0.267355999
   Mo         5.123638258         0.929578864         0.561715190
   Mo         3.631592005         3.862164194        -0.015192308
   Mo        -0.180297220         1.039866942        20.065659239
   Mo        -2.208867227         4.444573409        19.069672964
   Mo         3.251889038         0.913378749        20.059256506
   Mo         1.449694966         4.430942785        19.072681669
   Mo         0.032154687         1.155849895         5.821044554
   Mo        -2.000921227         4.035649344         6.741569049
   Mo         3.371155749         0.961836928         6.797097689
   Mo         1.677773157         4.194002007         5.738325237
    S        -0.032152893         1.975991075         1.833539164
    S        -1.794759734         5.071058408         1.501828016
    S         3.493480837         2.124575546         1.786844417
    S         1.852610008         4.819754460         1.644609615
    S         1.517019695        -0.395011157        21.068914141
    S        -1.999464405         2.563366807        20.721384347
    S         5.074862247        -0.435748473        21.063250407
    S         1.607063207         2.606889733        20.876629512
    S         1.127582450         0.064604570         7.811319020
    S         0.173798236         4.777817796         7.616768443
    S         5.538615299         1.768765929         7.693110951
    S         2.824530338         3.150734403         7.713315066
    S        -0.716043804        -2.326290153        24.829176887
    S        -2.198904770         0.425883484        24.855154648
    S         2.980836216        -2.385399278        24.958312773
    S         1.190488382         0.616853244        24.693029751
    S         3.180559146        -0.310882728        18.022576897
    S        -0.379986226         2.893167621        18.360282008
    S         6.750612715        -0.279064954        17.970555863
    S         3.060584260         2.725981127        18.270012054
    S         0.374102890        -1.042901092         4.815411168
    S        -0.410367778         3.449972046         4.807871075
    S         4.943490612         0.480100452         4.864727072
    S         2.156916897         1.893992234         4.905042834
