CELL_PARAMETERS (angstrom)
         6.732843456        -0.091222104         0.059641667
        -3.508713892         5.962004136         0.089796332
        -1.312223987        -0.339930798        19.328987569

ATOMIC_POSITIONS (angstrom)
   Mo         1.409352191         1.291081992         6.356766403
   Mo        -0.259040064         4.205316709         6.450108027
   Mo         4.760338097         1.226415963         6.421316827
   Mo         3.077639161         4.019980616         6.881049290
   Mo        -0.848613807         0.981589911        12.939377627
   Mo        -2.593601715         4.108089175        12.760578344
   Mo         2.490725865         1.126278752        13.076183206
   Mo         0.780210218         4.014526781        12.651648971
   Mo        -1.526944095        -0.564934380        19.178209016
   Mo        -3.525682396         2.638413555        19.806591873
   Mo         1.643485541        -0.417547946        19.712945163
   Mo         0.064611846         2.370598777        19.296063020
    S        -0.353015182         1.757773803         1.369520809
    S        -2.359816012         5.024340228         1.887325317
    S         2.761550092         1.930850653         1.898016068
    S         1.296444562         4.690758949         1.496232281
    S        -0.289971165         0.679832761         4.674785585
    S        -2.105537854         3.411826295         5.071831445
    S         3.152408069         0.284747813         4.751100341
    S         1.636544388         3.377041137         5.042740540
    S        -0.280260330         0.264359878         7.903737726
    S        -1.913561108         3.036908818         8.193842092
    S         3.049202404         0.167404102         7.850899839
    S         1.219589637         3.050513289         8.103007192
    S         0.761939703         0.090605181        11.342514854
    S        -0.935948813         2.870996260        11.370728157
    S         4.054492274         0.101129929        11.423792416
    S         2.502814851         2.858842381        11.332390706
    S         0.770326585         1.625286480        14.652701309
    S        -0.847220126         4.725063718        14.355980215
    S         4.224972255         1.689409710        14.652189317
    S         2.402284248         4.509651270        14.392184322
    S        -1.238650685         1.200594331        17.510612989
    S        -3.131858500         4.328323091        18.135301102
    S         1.944454912         1.361899644        18.137626567
    S         0.327665779         4.164470661        17.610885285
