CELL_PARAMETERS (angstrom)
        18.789665167         0.003904149        -0.005434389
         0.005805057        21.399139330         0.008297522
         0.048166757         0.580456271        18.500716362

ATOMIC_POSITIONS (angstrom)
   Mo         8.416810268        11.131489114         8.098541121
   Mo        11.421752151        11.756744611         6.835055658
   Mo         9.016990346        11.986924527        11.952343919
   Mo         9.386247149        13.962666607         7.238358790
   Mo         8.057012983         8.789368027        10.622254599
   Mo         7.876322488        14.465680750        10.602309891
   Mo        11.932470410        10.212215935        10.241365682
   Mo        10.773051368         7.364111964        10.217243260
    S         9.941503326         9.439829152         9.556827167
    S         5.825010691        15.172303434        10.686042799
    S         8.727038860        14.147514524        12.782507276
    S        13.093386214        10.902795812         8.311859747
    S        10.380433215        12.567673138         8.723313323
    S        12.777063581         8.286600070        11.189180038
    S        11.365659920        11.743047812        11.930257350
    S         7.935644863        10.008757639        12.672288330
    S         8.933075510        15.699246817         8.838685481
    S        11.240348385        13.834472102         5.724707289
    S         8.651109730         6.597832838        11.159105399
    S         7.396306284        12.829412448         6.764908022
    S         9.852891707        10.142062170         6.413982753
    S        11.328835250         5.939233757         8.660287733
    S         6.829621735         9.388316737         8.664329444
    S         7.845858394        12.258666445        10.021498533
