CELL_PARAMETERS (angstrom)
         5.637975855        -0.028217514         0.066880086
         0.012368708         8.901600905         0.334535637
        -0.097405353        -2.704383368         9.689108899

ATOMIC_POSITIONS (angstrom)
   Mo         0.192413060         2.749525012         4.213116276
   Mo         0.207034460         3.442254763         1.405749988
   Mo         0.211020597         5.524737323         3.479783463
   Mo         0.224011647        -1.926565551         8.273016895
   Mo         0.117730900         5.017144386         6.542217717
   Mo         0.184075905        -1.113874646         5.496428960
   Mo         2.976062654         3.906759695         9.937042155
   Mo         3.147349336         1.460919092         7.756182369
   Mo         3.063890786        -0.024835310         2.077812547
    S         1.811789861         6.149667496         5.181724414
    S         4.567251760         0.931809490         5.831315836
    S         1.532903415         1.955713233         9.470021140
    S         4.083946178         6.598231671         7.105695210
    S         1.910263108         2.516383852         5.887368743
    S         1.610230545         0.550484593         4.311901650
    S         1.612521151         1.390992045         0.719865993
    S         4.481429213         3.385593117         8.124506989
    S         4.412763758         5.244284609         1.672878572
    S         4.360690904         1.954611383         2.600905057
    S         4.460275795         7.621442267         3.815426936
    S         4.394090654        -0.059384038         9.142445072
    S         1.942317718         3.928716283         2.960879556
    S         1.670202740        -0.440848068         7.252541896
    S         4.619776333         8.409772683         0.670875222
    S         4.181740497         4.320070294         4.891555303
    S         1.660142910         5.140225015         8.380085335
    S         1.566402978         7.070423610         2.032407807
