CELL_PARAMETERS (angstrom)
         6.455674407        -0.029160511         0.026773105
        -3.208443751         5.591382322        -0.099187282
        -0.380284404        -0.538993609        19.612863963

ATOMIC_POSITIONS (angstrom)
   Mo         1.599143425         0.874961841         6.472692744
   Mo        -0.047712234         3.631857378         6.449107309
   Mo         4.775838891         0.872815208         6.516889973
   Mo         3.172263307         3.704983750         6.514894149
   Mo        -0.217476788         1.439749386        13.026011537
   Mo        -1.838127985         4.198166250        12.948119272
   Mo         2.982318090         1.405264117        13.059612876
   Mo         1.399701100         4.228283490        12.980066443
   Mo        -0.481371248        -0.600940606        19.625042464
   Mo        -2.062861584         2.185182358        19.625355628
   Mo         2.731703481        -0.614392242        19.688808085
   Mo         1.167546858         2.189812612        19.574114475
    S        -0.039999736         1.783131606         1.568404075
    S        -1.747248445         4.611922126         1.574294342
    S         3.091599970         1.821786796         1.631918571
    S         1.546300399         4.572844654         1.532941161
    S        -0.047294798        -0.029900873         4.932018523
    S        -1.733702688         2.776320589         4.902098212
    S         3.217726317        -0.099027993         4.891418084
    S         1.630305122         2.778562933         4.895632081
    S        -0.048442233         0.041875658         8.109136179
    S        -1.661418485         2.739848046         8.082683494
    S         3.167345299        -0.096741147         8.075612137
    S         1.546922997         2.686904587         8.074958208
    S         1.350897515         0.443509387        11.450307895
    S        -0.216047683         3.245086687        11.380066961
    S         4.601056659         0.463197885        11.487119007
    S         2.977728610         3.175616331        11.407019013
    S         1.376684733         0.488900625        14.641241269
    S        -0.210117006         3.343882072        14.568739891
    S         4.630762265         0.576452914        14.684655391
    S         3.002094796         3.344168618        14.603096115
    S        -0.458716105         1.270122988        18.001148735
    S        -2.046140963         4.010737544        18.007697929
    S         2.825239066         1.205745919        18.066738707
    S         1.120767221         4.065492544        17.967409097
