CELL_PARAMETERS (angstrom)
         6.424479645         0.004511265        -0.028153276
        -1.606480188         2.780066651         0.035932978
        -0.255342349        -0.343252858        26.481485866

ATOMIC_POSITIONS (angstrom)
   Mo        -0.006518574        -0.130489900         9.900769180
   Mo        -0.235730382        -0.335822109        23.207327707
   Mo         3.201403044        -0.122544721         9.878204953
   Mo         2.970872863        -0.322423894        23.228067232
   Mo        -0.047097852        -0.022069465         3.319383355
   Mo        -0.214876499        -0.214395399        16.522266203
   Mo         3.171536137        -0.030602072         3.296779749
   Mo         2.985822787        -0.194279393        16.514135258
    S         1.608184397         0.785534713        11.480628855
    S         1.344275752         0.577691326        24.816087034
    S         4.814568485         0.778134481        11.468366276
    S         4.604844825         0.591554156        24.784207135
    S        -0.059894102         1.841366811         1.756905041
    S        -0.216668801         1.651806690        14.959434644
    S         3.166611378         1.836965092         1.737189988
    S         2.977707839         1.672850693        14.952021873
    S        -0.034663212         1.825257904         4.918405776
    S        -0.211673584         1.625270000        18.123887752
    S         3.177714067         1.807172158         4.900330923
    S         2.992986873         1.652232201        18.114650303
    S         1.581665479         0.821708597         8.316452110
    S         1.377917624         0.629978130        21.655548808
    S         4.807915188         0.819652570         8.307390885
    S         4.561073718         0.596598665        21.624871785
