CELL_PARAMETERS (angstrom)
        19.717688018         0.012322699        -0.006015208
         0.013670881        19.918693232         0.013509586
         0.043714635         0.539726620        18.662268371

ATOMIC_POSITIONS (angstrom)
   Mo         6.765144198        12.347784262         8.770983910
   Mo         8.185514002         9.824453946         7.624351240
   Mo         7.269453691        10.611111220        11.656685911
   Mo         9.210045537        12.791884123         6.867792799
   Mo         9.861824293         7.060454235         8.285565987
   Mo        10.158386824        10.564978768        10.502913839
   Mo         8.724896369         7.844964907        11.480619333
   Mo        12.108848097        11.173491911         7.911019503
    S        13.879774207        10.298370953         7.053336038
    S        10.646446940         9.319036676         8.278819054
    S         9.142326896        11.829546315        12.274703001
    S         5.891365137        10.534289904         7.620841576
    S         9.009956811         5.891676940        10.160811957
    S         6.904174124         8.562517308        12.988181940
    S        11.550918248        13.183048687         6.787232408
    S         5.671405479        12.279549142        10.930774029
    S         9.014733532        11.974823632         8.917028317
    S         7.941770187         9.243240195         9.954166330
    S        10.885601123         8.627291579        11.765299184
    S        11.445078728         5.938052554         7.353579738
    S         7.305698760        14.290098572         7.345446373
    S         8.933027646        10.888025354         5.578894020
    S         8.189610897         7.445479057         6.833298159
    S        12.405416869        11.607205650        10.095901807
