CELL_PARAMETERS (angstrom)
        17.525554507         0.003329329         0.011018931
         0.005177767        19.900546552        -0.004986072
         0.066357552         0.569230684        20.594493906

ATOMIC_POSITIONS (angstrom)
   Mo         9.464884505         9.797250107        12.901887089
   Mo        10.493239611         8.502340083         7.627125474
   Mo         7.750183707        12.742803782         8.239688033
   Mo        10.624199713        12.480210665         8.340907019
   Mo         9.165228142        13.205242533        10.790884315
   Mo         8.424503601         7.076287353        13.392137140
   Mo         9.917855180         7.657952266        10.617870516
   Mo         7.460173862         8.917450908         7.130249376
    S         9.319517145        13.402766366         6.613335929
    S        11.320718197         9.228740306        11.681824396
    S         8.664468528         8.670987343         9.009718146
    S         9.199535002         8.627235171         5.589138938
    S         9.440572809         8.635771117        14.945964328
    S         6.365472135        11.013464348         7.370558347
    S         6.664801914         6.050867432        14.206730749
    S        11.599692964         6.898874326         8.944544795
    S         7.798990189         8.622422016        11.770823670
    S        11.334292527        13.884705122        10.121848368
    S        11.752914471        10.484789295         7.689584886
    S         9.010412527        11.323592981         9.518199127
    S         9.650037534         5.673351157        11.939836386
    S         5.854534534         7.498394763         6.930545683
    S         7.124689306        14.177134783        10.052057078
    S         9.090319968        12.177175715        12.929498005
