CELL_PARAMETERS (angstrom)
         6.715684619         0.098159461        -0.171026739
        -1.616267900         2.817992648         0.073111440
        -1.292672940        -1.547971260        26.364747550

ATOMIC_POSITIONS (angstrom)
   Mo        -0.111890740        -0.555960710         9.851263222
   Mo        -1.161394125        -1.477323802        23.044077060
   Mo         3.254842569        -0.270806570         9.503099559
   Mo         1.965876352        -1.485141663        23.567623026
   Mo        -0.197666902        -0.089187106         3.389082347
   Mo        -1.034424495        -0.976424254        16.354650825
   Mo         3.124366776        -0.129363755         3.173202354
   Mo         2.276488592        -0.837497091        16.316703413
    S         1.729987483        -0.216837636        11.363230334
    S         0.157362577        -0.659204058        25.052380765
    S         4.894110904         0.163352950        11.273325123
    S         3.899483541        -0.436159169        24.431474350
    S        -0.312390923         1.732802338         1.790223093
    S        -0.941729860         0.909457079        14.821446621
    S         3.088865864         1.791341358         1.606610192
    S         2.317308010         1.053194773        14.736906645
    S        -0.072900137         1.884688536         4.973331259
    S        -1.007792019         0.927781689        17.981096176
    S         3.360347105         1.679342741         4.831974809
    S         2.330389029         1.094213701        17.891798343
    S         1.360799450         0.651932851         8.143971334
    S         0.690597072        -0.334621380        21.948628616
    S         4.919832207         0.710921135         8.009307944
    S         4.150716194        -0.366404165        21.172138698
