CELL_PARAMETERS (angstrom)
         6.436258942         0.010578117        -0.077630094
        -1.596580596         2.775605996         0.079931708
        -0.652450927        -0.560706072        26.456747601

ATOMIC_POSITIONS (angstrom)
   Mo        -0.045763190        -0.209222512         9.852814199
   Mo        -0.603401354        -0.555267295        23.214942257
   Mo         3.176114140        -0.222079740         9.803357619
   Mo         2.613279186        -0.546474122        23.272119774
   Mo        -0.119836580        -0.023577160         3.333531785
   Mo        -0.538289985        -0.344977175        16.473893226
   Mo         3.119241119        -0.052650908         3.272097400
   Mo         2.659309494        -0.304373979        16.447190792
    S         1.610720826         0.663211334        11.445491674
    S         0.899103059         0.312752017        24.916794267
    S         4.771982262         0.679748260        11.416171580
    S         4.298430314         0.394935647        24.763758325
    S        -0.139399275         1.825949716         1.775808440
    S        -0.535255818         1.520397013        14.919901484
    S         3.115921728         1.821191938         1.714523894
    S         2.663498905         1.557666063        14.886582845
    S        -0.070775162         1.832982023         4.970745272
    S        -0.515807327         1.504786739        18.115778547
    S         3.133205817         1.782033886         4.914014491
    S         2.683831886         1.541712234        18.081545633
    S         1.518111693         0.745114963         8.234914098
    S         1.070209960         0.440454601        21.722847287
    S         4.787717792         0.769766677         8.216393618
    S         4.197031738         0.365009146        21.570351960
