CELL_PARAMETERS (angstrom)
         7.134635375        -0.025859025         0.123070307
        -3.631365376         6.113385326        -0.052432294
        -0.997390103        -1.300592640        12.235078982

ATOMIC_POSITIONS (angstrom)
   Mo         0.489740280         1.548168376         3.840814993
   Mo        -1.441850208         4.779682059         2.620174717
   Mo         3.955695024         1.598081088         2.830301609
   Mo         2.254449379         4.525121473         3.594046578
   Mo        -0.216063893        -0.436674705         8.755420670
   Mo        -1.751005696         2.761724556         8.651007993
   Mo         3.739681997        -0.016115336         9.400761391
   Mo         2.019978680         2.878248563         9.406366403
    S         0.812649470        -0.772312826         4.627049250
    S         0.045529672         3.896801022         4.472814935
    S         5.370698670         0.564301793         4.627249166
    S         2.648230769         2.418099611         4.753068140
    S        -1.441218294         0.884891447        10.337934174
    S        -3.331355385         4.035303744        10.400434752
    S         2.053075241         0.922215965        10.869483497
    S        -0.070803266         3.815424249        10.367301831
    S         1.771095315         0.976358133         1.883558173
    S         0.731079368         5.524603651         1.700003242
    S         6.206703714         2.393229485         2.142429906
    S         3.677760263         3.755278750         1.719452434
    S         0.193282869         1.739624359         7.583748344
    S        -1.683046397         4.991202501         7.637481267
    S         3.469443245         1.778358562         7.789727892
    S         1.506077529         4.690349460         7.654547387
