CELL_PARAMETERS (angstrom)
         6.480897913         0.004221042        -0.017758859
        -3.246297352         5.607994359         0.028696344
        -0.059852372        -0.030334823        13.223459354

ATOMIC_POSITIONS (angstrom)
   Mo        -0.021466481        -0.040786198         9.901925559
   Mo        -1.646016468         2.773907137         9.945465533
   Mo         3.217306308        -0.018567720         9.909343954
   Mo         1.582847474         2.775271359         9.948575430
   Mo        -0.037077320         0.003065510         3.310060315
   Mo        -1.654339879         2.794846320         3.302653849
   Mo         3.196034551        -0.002411895         3.294543428
   Mo         1.589960230         2.812734230         3.302408853
    S         1.589871349         0.864011638        11.492815133
    S        -0.037617627         3.718232165        11.526362262
    S         4.856667507         0.892646764        11.469951029
    S         3.205090713         3.703439697        11.503944947
    S        -0.030466086         1.856384710         1.730760425
    S        -1.673554489         4.670727529         1.753470967
    S         3.188866455         1.865246374         1.715039119
    S         1.568724414         4.687744200         1.745935985
    S        -0.018290564         1.892611924         4.878339233
    S        -1.667246400         4.655295164         4.899307446
    S         3.221155954         1.867744779         4.861890536
    S         1.581474969         4.684010323         4.893364524
    S         1.590690590         0.945157388         8.345672196
    S        -0.030126072         3.724482102         8.378760027
    S         4.836618585         0.922564889         8.323987392
    S         3.211282791         3.693899038         8.356124283
