CELL_PARAMETERS (angstrom)
        24.724829515         0.009067918        -0.010294300
         0.008309879        18.915116046         0.005295083
         0.044148328         0.579446655        22.584445704

ATOMIC_POSITIONS (angstrom)
   Mo         7.047656859        11.550234988        15.351664044
   Mo        13.730839014         7.048047477        13.824104622
   Mo         7.833670647         8.746997449        14.989680213
   Mo         9.685958842         7.065310036        13.298612774
   Mo        13.379166646        10.494380977        12.415100237
   Mo        16.782803769         9.588826012         7.162498020
   Mo         9.607663160        11.005436444        14.243409990
   Mo        12.202145961         6.920886549        10.480072086
   Mo        14.091712729         8.687074353         7.610838799
   Mo        14.973346883        10.943539325         8.926994455
    S         6.031048346        12.951606100        16.662534752
    S        14.645112009         9.197341836        13.862319511
    S        15.883358835         8.773723560         9.161013383
    S        13.881276409         5.947808814        11.772592074
    S        12.264474484         9.104670125        11.052676886
    S        12.969943478        10.732125585         7.714415242
    S        12.747683053         6.719862430         8.257379080
    S         5.694790982         9.671202314        14.820690524
    S         8.149746407         6.288529622        14.789341982
    S        11.783421557        11.621801571        13.595159868
    S        11.576444336         7.164356536        14.592099018
    S         8.864912699         9.234068425        12.892184822
    S        14.748837746        11.861512632        11.169286525
    S         8.225756821        12.759522489        13.640074576
    S        16.667398397        11.931142119         7.685357527
    S        14.802959435         5.906720963        15.298965218
    S        15.313281362         8.432410008         5.654834982
    S        10.098404880         6.189538310        11.132292885
    S        18.855340115         8.924297509         6.932494921
    S         8.885583536        10.406565107        16.358619038
