CELL_PARAMETERS (angstrom)
         6.909142699         0.044025906        -0.003272774
        -1.726565869         2.946820105        -0.000271500
        -1.545124948         1.894868072        26.756095311

ATOMIC_POSITIONS (angstrom)
   Mo         0.085563947         1.777253271         9.931432594
   Mo        -1.548045644         2.560498345        23.526886377
   Mo         3.648046446         1.669340231         9.619347149
   Mo         1.854716081         2.561016371        23.773575884
   Mo        -0.282915655        -0.712464403         3.531964534
   Mo        -1.360725533         0.210164209        16.887719991
   Mo         3.153391168        -0.651990175         3.282120356
   Mo         2.106185317         0.270047784        16.462159071
    S         1.984415224         2.680069197        11.187652630
    S         0.051722898         3.522896938        25.245129273
    S         5.270302707         2.732509361        11.402953433
    S         3.596164119         3.623210986        25.136801908
    S        -0.295247239         1.198254466         1.919269924
    S        -1.434982193         2.176021441        15.248176845
    S         3.220490097         1.314112501         1.812180529
    S         2.217865423         2.319579281        15.074338839
    S        -0.232781355         3.228109822         4.900811465
    S        -1.288446920         4.242209889        18.095013055
    S         3.135657387         3.190856671         4.991209343
    S         1.995503627         4.117114163        18.289708357
    S         1.871399284         0.658797546         8.278463728
    S         0.149906011         1.617643697        22.037615630
    S         5.486418010         0.780489731         8.206895402
    S         3.515877391         1.597918215        22.180727977
