CELL_PARAMETERS (angstrom)
         7.040706722        -0.032738930         0.007321554
        -3.543331208         6.115058124         0.027019366
        -0.472244693        -1.503614041        26.142071269

ATOMIC_POSITIONS (angstrom)
   Mo         1.402602573         1.102725011         0.026623755
   Mo         0.131487797         4.152171309         0.235147084
   Mo         5.206853778         0.873492147         0.525085083
   Mo         3.531761487         3.878869217         0.121525274
   Mo        -0.186387284         1.810592334        20.180845862
   Mo        -2.058940087         4.969036642        19.111095310
   Mo         3.315671170         1.703835094        20.201192459
   Mo         1.518288015         5.018607834        19.148715158
   Mo         0.100280702         1.338235994         5.830121271
   Mo        -1.996582400         4.368689288         6.777185577
   Mo         3.415325771         1.264936856         6.808659705
   Mo         1.725004324         4.441639661         5.809287576
    S         0.025360894         2.113879488         1.746425905
    S        -1.787603845         5.220582201         1.448233188
    S         3.660716778         2.135775214         1.815088765
    S         1.861517004         4.939810883         1.783293432
    S         1.552450249         0.300666649        21.049472528
    S        -1.967624150         3.314475639        20.973872749
    S         5.135588519         0.296110946        21.109752288
    S         1.585944731         3.299115092        21.045492059
    S         1.177323994         0.394438378         7.822104042
    S         0.212898187         5.115659329         7.644055825
    S         5.586562040         2.111270412         7.673748159
    S         2.918194495         3.452921926         7.749383493
    S        -0.654930598        -1.543295445        24.889817418
    S        -2.113493938         1.457627924        25.047755929
    S         3.040637838        -1.320616528        25.058211733
    S         1.276735503         1.596629462        24.809360742
    S         3.227016948         0.315553094        18.194417376
    S        -0.208863171         3.475859926        18.328561741
    S         6.795585085         0.331572926        18.177925581
    S         3.229218911         3.393697343        18.342728462
    S         0.355673507        -0.896335437         4.807089639
    S        -0.386611619         3.710713386         4.886807372
    S         4.971004676         0.686542212         4.928072812
    S         2.169305635         2.143751577         4.883718605
