CELL_PARAMETERS (angstrom)
         5.664252507        -0.116648099         0.047516097
         0.224248605         9.089186092         0.010577972
         0.076290133         1.910422241        10.162155908

ATOMIC_POSITIONS (angstrom)
   Mo         5.567748130         5.861056326         4.376043059
   Mo         0.187603928         5.670870368         1.196243714
   Mo         5.570783809         3.057163695         3.616318405
   Mo         5.588121452         9.751870970         9.272443441
   Mo         5.512927651         3.639210629         6.458462915
   Mo         5.475843939         0.723538775         5.563932681
   Mo         2.739353371         1.817444248         0.173191724
   Mo         2.650305644         7.075111971         7.452914172
   Mo         2.932365833         8.814744816         2.341276583
    S         3.867195414         2.398853882         5.135523610
    S         1.116055981         7.663665034         5.829051778
    S         3.066729917         5.481356023         8.966624927
    S         1.170704478         1.794940871         7.212867183
    S         4.013213558         5.603364868         6.119385673
    S         4.396369242         8.180069669         4.155546230
    S         4.224196631         7.315303904         0.992657780
    S         0.801766116         5.129468672         8.129283718
    S         1.245511677         3.472259434         1.442212319
    S         1.468781567         6.818065667         2.695767645
    S         1.329897300         1.190295671         3.769468842
    S         1.402769751         8.066616527         9.317883434
    S         4.085125980         4.776887792         2.811175603
    S         4.212951294         8.874610061         7.462685783
    S         1.179983986         0.108678290         0.518369270
    S         1.546318351         4.337739513         4.872327245
    S         4.336645248         2.775621450         8.654033552
    S         4.218264139         1.542152457         1.954811578
