CELL_PARAMETERS (angstrom)
         6.905779206         0.183631349         0.059047514
        -1.535610430         2.745034286         0.091093490
        -0.404539582        -1.200806463        26.529951165

ATOMIC_POSITIONS (angstrom)
   Mo         1.398789531         1.252238735         3.324438293
   Mo        -0.503285558         0.934504247        16.592454215
   Mo         4.311093902         1.302392001         3.690414603
   Mo         2.743809598         1.073483248        17.119836524
   Mo         0.981751858         0.495236926         9.962646824
   Mo         0.972750015        -0.306932509        23.577762653
   Mo         4.708659393         0.810648500         9.513214012
   Mo         4.872955163         0.177264028        23.101382247
    S         2.722086463         0.279985930         5.070412149
    S         0.947709181        -0.066806567        18.251278946
    S         6.059681928         0.442282143         5.266053267
    S         4.450897236         0.072336569        18.736558574
    S        -0.858760607         1.372300307        11.478257506
    S        -0.809549486         0.583075404        25.094650001
    S         2.957528921         1.586305831        10.976197307
    S         2.836159148         0.890596281        24.534289716
    S         2.952849530         2.306537273         1.905578315
    S         1.300079475         0.200194613        15.086366072
    S         6.271908857         2.258632263         2.138453217
    S         4.401735685         0.439464663        15.440448404
    S        -0.317743972         1.571773564         8.304752979
    S        -0.015686309         0.963993409        21.808743969
    S         3.398879916         1.810303769         7.784109623
    S         3.745335621         1.164621568        21.345552205
