CELL_PARAMETERS (angstrom)
         6.748221613        -0.023536415        -0.198725168
        -3.722496848         5.962783486         0.088555241
        -0.594234945        -1.811620834        24.805503868

ATOMIC_POSITIONS (angstrom)
   Mo         1.633085859         0.873209436         4.337123729
   Mo        -0.269757838         3.762631586         3.544322069
   Mo         4.940912157         0.877431560         3.355776897
   Mo         3.618934918         3.715775599         4.304714851
   Mo        -0.678649471         0.402316742        20.806674920
   Mo        -2.833682974         3.725401269        20.984831104
   Mo         2.704791878         0.738733030        20.766248672
   Mo         0.911400170         3.920181433        20.797655071
    S        -0.221508444        -0.068147174         5.412386150
    S        -1.169638749         4.179997003         5.851120697
    S         3.710203770         1.565558166         5.411179016
    S         1.436471215         3.132685225         5.119684330
    S        -0.518925151        -1.313593464        22.538620468
    S        -2.355275687         1.673526200        22.459695532
    S         2.873934661        -1.258039424        22.259841758
    S         0.937707371         1.695533003        22.232292299
    S         0.348604406         1.627581361         2.361893700
    S        -0.758006832         5.944626192         2.525016631
    S         4.455308625         2.877058022         2.142566228
    S         1.841514240         4.640054489         2.427362648
    S         1.078538249        -0.362766295        19.257462651
    S        -0.831789567         2.759168818        19.390083066
    S         4.452366193        -0.235362623        19.023930517
    S         2.570284882         2.707380618        19.208355421
