CELL_PARAMETERS (angstrom)
         6.646557151         0.149000808         0.019308283
        -1.626636171         2.875395407         0.014695348
        -0.175276761         0.730322175        26.689662307

ATOMIC_POSITIONS (angstrom)
   Mo         1.536254938         1.795963498         3.373206151
   Mo        -0.719462647         2.105284763        16.260864918
   Mo         4.521333244         1.414256187         3.408321415
   Mo         2.224691295         2.069306355        17.156379506
   Mo         0.471649324         0.922429997         9.785993685
   Mo         0.897733523         1.345489492        23.277960458
   Mo         4.054435811         1.499428501         9.961816586
   Mo         4.247405407         1.559345620        23.591011059
    S         3.001431664         0.671653642         5.061171771
    S         1.959903128        -0.068208833        18.330708942
    S         6.403521699         0.772798597         4.878529239
    S         4.426238983         1.445488965        18.096050493
    S        -0.992793439         2.030949726        11.536614532
    S        -0.683437659         2.344447604        24.971543708
    S         2.221823185         2.188805221        11.327639431
    S         2.579917778         2.432254274        25.074708212
    S         3.159972877         2.593493883         1.748516215
    S         1.205760357         1.458271071        15.053939227
    S         6.386099192         2.626916589         1.935289330
    S         3.703311224         2.982939549        15.399011081
    S         0.703623593         3.128773148         8.408216161
    S         0.989325087         3.369867433        21.805543073
    S         3.861353522         3.193652698         8.263310970
    S         4.213561443         3.462886430        21.917210464
