CELL_PARAMETERS (angstrom)
         6.669777106         0.114870840         0.097170887
        -1.610659372         2.796184946        -0.000622102
        -0.114564813       -11.239415494        27.644154095

ATOMIC_POSITIONS (angstrom)
   Mo         3.539427228         0.259698524         3.777485588
   Mo        -1.399095114        -6.034634137        18.251849583
   Mo         6.294045329         0.402271832         3.662694358
   Mo         1.607769869        -6.071140543        17.931321468
   Mo         0.464215474        -2.580736827         9.646413183
   Mo         0.743153171        -8.400563226        24.216401315
   Mo         3.816512413        -2.793928017         9.473561613
   Mo         4.694503278        -8.167455096        24.114238976
    S         4.832242005         1.395947848         5.403042406
    S         0.267450495        -4.995715855        19.618063923
    S         8.328105002         1.248812498         5.303717128
    S         3.261876506        -5.211466818        19.680360575
    S        -1.191533129        -1.758781392        11.225935426
    S        -0.591812348        -7.373316004        25.954441243
    S         2.303971986        -1.797448561        11.128534199
    S         2.753757671        -7.307246481        25.658440327
    S         4.993148167        -0.720000606         2.072602663
    S        -0.182422708        -7.157484965        16.529267197
    S         8.174233239        -0.398119909         2.203004059
    S         3.436071993        -6.804524365        16.441621474
    S        -1.106270015        -3.708295837         7.821295626
    S        -0.579165395        -9.260728842        22.284547898
    S         2.058996334        -3.627627398         7.981853314
    S         2.783135933        -9.125294621        22.638030521
