CELL_PARAMETERS (angstrom)
         7.044428670         0.012529813        -0.021794383
        -1.752093058         3.072977674         0.009199716
        -0.775638553         4.316589736        26.172129322

ATOMIC_POSITIONS (angstrom)
   Mo         0.541986179         2.103315999         3.335644129
   Mo        -0.845199052         4.115908716        16.366189174
   Mo         4.273226938         1.965401936         3.497582626
   Mo         2.703138567         4.075543854        16.917404745
   Mo         1.233250435         3.228449317         9.602389916
   Mo         0.946255671         5.425531839        22.987709153
   Mo         4.737005360         3.273648641         9.368321234
   Mo         4.485613533         5.427613851        22.589281993
    S         2.419847097         3.069468846         4.885655381
    S         0.832530933         5.072273141        18.178757796
    S         5.904179907         3.209937484         4.841651184
    S         4.527607167         5.246669402        17.927762321
    S        -0.588811110         4.147906032        10.991288866
    S        -0.894595549         6.365696293        24.308377397
    S         3.007300742         4.178107044        10.934355273
    S         2.778447228         6.403535479        24.180524564
    S         2.394845247         1.142259427         1.962306673
    S         1.074697352         3.201762896        15.147552752
    S         5.909518453         1.060448869         1.914299914
    S         4.352697487         3.099950674        15.266645171
    S        -0.544893783         2.153799994         7.991396219
    S        -0.746789906         4.374883860        21.272864042
    S         2.947729219         2.104288944         8.076963974
    S         2.675457629         4.301030289        21.412646939
