CELL_PARAMETERS (angstrom)
         6.859319402        -0.085492306        -0.095739175
        -3.757731319         5.972574210         0.053349669
        -1.018912944        -1.444727427        12.866808343

ATOMIC_POSITIONS (angstrom)
   Mo         0.383215352         1.254525985         3.662743325
   Mo        -1.916029666         4.476833873         2.827153881
   Mo         3.471798591         1.572849640         2.910529189
   Mo         2.020576958         4.374694594         3.884895407
   Mo         0.084751296        -0.280145603         9.593232752
   Mo        -1.979045908         2.553653487         9.480501730
   Mo         3.798646430        -0.383172234         9.460441560
   Mo         1.633948734         2.793130548         9.501869384
    S         0.931029483        -0.767429410         4.935872086
    S        -0.221640814         3.471330315         4.516641235
    S         5.131554803         0.673659911         4.684564174
    S         2.381934664         2.223641071         4.986191946
    S        -1.583795109         0.747149776        11.154837628
    S        -3.531942674         3.780738472        11.190833183
    S         1.918270928         0.719116810        10.963418300
    S        -0.088511618         3.704762939        11.038313373
    S         1.609288304         0.609153401         1.617449989
    S         0.366316411         5.276632602         2.179668490
    S         5.516471383         2.179382897         1.645435330
    S         2.912799159         3.642138741         1.707031655
    S        -0.098051346         1.794518282         8.025069182
    S        -1.877983984         4.670674779         8.127523165
    S         3.304129309         1.568362457         7.876193003
    S         1.641241332         4.663586185         7.859020153
