ATOMIC_POSITIONS (angstrom)
   Mo         5.286613935         6.461064158         4.586654253
   Mo        -0.238740822         5.597758216         0.904548792
   Mo         5.454486506         3.817351302         3.448322453
   Mo         5.297730740        10.536944278         8.592652161
   Mo         5.219588986         4.006381507         6.381824038
   Mo         5.277176507        10.115182151         5.755466732
   Mo         2.400133724         4.970696292         9.697026646
   Mo         2.224561211         7.282288704         7.867650764
   Mo         2.230697639         9.082465254         2.708436919
    S         3.596031057         2.895835092         4.954741308
    S         0.601782238         8.007470328         6.029628282
    S         3.663263594         6.961047915         9.762673834
    S         0.837656527         2.270923893         7.014272966
    S         3.700513193         6.117243883         6.247981691
    S         4.020408152         8.590288561         4.077874636
    S         4.974793330         7.777564068         0.648237895
    S         0.760602651         5.375016793         8.110838472
    S         1.245293921         4.119623339         1.923470913
    S         1.072781188         7.052820802         2.670115903
    S         6.275353908         1.436838609         3.560539675
    S         0.694071657         8.664721119         9.239819836
    S         4.012117532         5.542974855         2.766246729
    S         3.706971589         9.340083221         7.376185459
    S         2.349423405         8.762685731         0.310608194
    S         1.028725727         4.793902568         4.993256747
    S         3.838395348         3.705367666         8.464430686
    S         3.238885614         2.125985644         1.953047085
