CELL_PARAMETERS (angstrom)
        24.499042768         0.009737474        -0.021130019
         0.008859849        18.840929396        -0.003488951
         0.033060160         0.568378942        23.738800367

ATOMIC_POSITIONS (angstrom)
   Mo         7.065971187        11.286353002        15.819704075
   Mo        12.946977399         7.662182123        13.489817992
   Mo         7.644161888         8.934529514        14.114165220
   Mo        10.286373839         6.333549762        13.116869995
   Mo        12.633286349        10.866585652        11.980218550
   Mo        16.548752326        10.117875254         7.187113552
   Mo         8.877947212        11.419648430        13.543877780
   Mo        11.904588152         7.440890066        10.349132308
   Mo        13.795388537         9.045595686         7.438305573
   Mo        14.462665847        11.485992710         8.754914545
    S         6.817861699        11.927518246        17.921503319
    S        13.832574045         9.886868699        13.697565380
    S        15.435832046         9.365484735         9.114992796
    S        13.842517566         6.936168674        11.483426309
    S        11.810152423         9.749623553        10.176115191
    S        12.699773409        11.106479312         7.253014598
    S        12.535719177         7.075831860         8.126532979
    S         7.701168882        10.046426066        12.057180813
    S         8.127553413         6.568541300        13.984624416
    S        10.908758638        12.204709973        12.681381064
    S        10.912134222         8.528464247        12.858798641
    S         9.109540529        10.157115667        15.514968957
    S        13.981961721        12.408311208        10.939240283
    S         7.571928809        13.169439983        14.388664378
    S        16.285117038        12.471570609         7.656209516
    S        12.042147914         5.717302730        14.566323632
    S        15.294420776         8.754313409         5.653037847
    S        10.232026390         5.855631825        10.829421206
    S        18.679153808         9.518376876         7.254343316
    S         5.649919305         9.419683507        15.266597280
