ATOMIC_POSITIONS (angstrom)
   Mo         0.569828215         5.574099453         4.468039478
   Mo         0.182563504         6.034305169         1.709262790
   Mo         0.451880476         2.782985179         3.567396776
   Mo         6.511792929         9.689560767         8.272639325
   Mo         6.460721090         3.169616810         6.348274917
   Mo         0.666360720         9.096479309         5.392046255
   Mo         3.536396455         4.051075098         9.672163034
   Mo         3.550002785         6.333039601         7.695483667
   Mo         2.386879242         8.269182698         1.323788555
    S         4.768541379         1.964484229         5.044571778
    S         2.054284120         7.091554857         5.850114778
    S         5.047227887         5.840788434         9.475407053
    S         2.182321988         1.467150020         6.757655717
    S         5.018018678         5.203388661         6.220610402
    S         5.380926807         7.571283651         3.609342062
    S         4.405723711         7.174369641         0.500553353
    S         1.961952154         4.620472026         7.909112780
    S         1.008183479         3.694628866         1.383488938
    S         2.284041989         6.385934555         2.759665526
    S         1.795619653         0.827565388         3.333472291
    S         2.416057741         8.151000837         9.354167473
    S         4.794800194         4.556498059         3.093268871
    S         5.112932660         8.238359084         7.098483643
    S         0.621670986         0.698552619         0.205555762
    S         2.196750858         3.846342485         4.727171240
    S         4.919950422         2.681229059         8.194917159
    S         3.748218790         1.438864712         1.549739913
