CELL_PARAMETERS (angstrom)
         6.506000330         0.004194608         0.026044889
        -3.272954716         5.616843971         0.037164695
        -0.011189552        -0.074696332        26.953040313

ATOMIC_POSITIONS (angstrom)
   Mo         1.680847397         0.921242474         4.063541632
   Mo         0.003148644         3.719126398         4.053301648
   Mo         4.920723437         0.922262097         4.057469394
   Mo         3.257279522         3.740234388         4.155252488
   Mo        -0.060662673         1.816397087        22.944268480
   Mo        -1.687579470         4.623006804        22.943672510
   Mo         3.195919129         1.809630782        22.916905371
   Mo         1.569823887         4.619535235        22.929762486
    S         0.036411116         1.816692569         5.599559061
    S        -1.578168759         4.654200622         5.674455896
    S         3.312943233         1.822646183         5.676969988
    S         1.571189474         4.652040240         5.665970924
    S         1.574739409         0.864039699        24.500136769
    S        -0.055426042         3.691594898        24.515317003
    S         4.791950796         0.860789822        24.492676874
    S         3.167963050         3.675782104        24.497960763
    S         0.064120124         1.871061168         2.456720818
    S        -1.670943092         4.675345647         2.535247635
    S         3.297224802         1.919164993         2.538793832
    S         1.661964753         4.674719847         2.526950461
    S         1.554666432         0.898429914        21.360896507
    S        -0.059255814         3.690187610        21.375029559
    S         4.857967395         0.891273216        21.354418255
    S         3.234895433         3.688108330        21.358634942
