CELL_PARAMETERS (angstrom)
         6.979352252        -0.037465558        -0.144899535
        -3.770928165         6.129399369         0.062857310
        -0.543230545        -2.077957468        24.606298339

ATOMIC_POSITIONS (angstrom)
   Mo         1.682294972         0.974825341         4.331693391
   Mo        -0.303680042         3.799367245         3.496598098
   Mo         5.126002033         0.809542287         3.344496635
   Mo         3.939246914         3.754540100         4.411801912
   Mo        -0.478926756         0.528920433        20.746199943
   Mo        -2.411096034         3.630565983        20.848877932
   Mo         2.858190982         0.472561366        20.525470228
   Mo         0.915032015         3.763531270        20.581604889
    S        -0.127719638        -0.118444554         5.270748329
    S        -1.079829338         4.133274889         5.783394647
    S         3.867943918         1.489928247         5.385335914
    S         1.588582939         3.230340895         4.922187843
    S        -0.537699346        -1.526618309        22.193597264
    S        -2.405917105         1.517933870        22.199285773
    S         3.030211370        -1.490539242        22.154688752
    S         1.155458190         1.604538474        22.077974594
    S         0.328124624         1.637640085         2.375692233
    S        -0.767788396         6.072520428         2.573978440
    S         4.628039364         2.950135987         2.214835900
    S         1.787158446         4.794211098         2.417583848
    S         1.145094855        -0.579308547        19.196370472
    S        -0.770833183         2.552985055        19.235479567
    S         4.655508784        -0.464445461        18.974440368
    S         2.731110006         2.569076451        19.149203254
