CELL_PARAMETERS (angstrom)
        22.897956656         0.003847276         0.008312543
         0.004505083        19.377065791         0.013882541
         0.056078836         0.540298082        19.215010636

ATOMIC_POSITIONS (angstrom)
   Mo        11.685921203         6.714652125         7.281086432
   Mo        10.871581493         7.397782452        10.296944874
   Mo        11.727296218         9.240544772        12.852344642
   Mo        10.194096732        11.743502923        11.395910073
   Mo         7.824654867        12.681891128         9.464447582
   Mo         8.971942674        10.974379605         7.274096834
   Mo         8.928072468         7.348470095         7.764830448
   Mo        12.983269374        10.042460890         6.587117506
   Mo        15.386469939        10.958470123         8.141508657
   Mo        13.609126092        10.969707188        10.804728934
    S         7.945784647        13.015080874         7.065522935
    S        12.544290013         5.978196438         9.342482083
    S        13.607440726         9.693985128         8.797704885
    S        14.637359771        11.477427785         5.898199630
    S         9.020221188        10.742963990         9.584527514
    S         8.549400198         6.892452680        10.040145303
    S        11.436184696         9.608792726        10.701973438
    S        15.510448899        12.217456664        10.210885976
    S        11.178893132         6.906923556        12.703413882
    S        12.152028135        12.763659482        10.705857645
    S        13.108805704         7.846641568         5.705364119
    S        17.029602411         9.559495881         8.118033671
    S         8.914802340        13.714217079        11.364851453
    S         9.786052813         5.656565637         6.354344440
    S         7.681989473         9.084678489         6.656660154
    S         5.836540501        12.104337964        10.070359487
    S        13.982860725         9.917888737        12.910245909
    S        10.108717903        10.790399386        13.579932248
    S        10.774360003         8.631424020         8.087033898
    S        11.081131490        11.374228683         6.377145803
