CELL_PARAMETERS (angstrom)
         5.645305411         0.732104997         0.327794451
        -0.880265288         7.297091650         0.522534834
        -0.982965195        -0.684672972         8.864000669

ATOMIC_POSITIONS (angstrom)
   Mo         2.562236944         4.034680917        -0.015660625
   Mo         0.896409135         3.378901659         6.194458551
   Mo        -1.106173737         3.127019622         8.294749288
   Mo         0.050047609         1.193341926         2.390030173
   Mo        -0.450970455         5.683132084         2.655920884
    S         3.173117442         3.474628239         6.655839642
    S         0.906644573         7.381112866         1.877373443
    S         0.625278604         5.109869931         4.555255844
    S         0.504961785         1.477399913         7.612587727
    S         0.922616040         3.613116071         1.681421347
    S         0.929899242         1.748201970         4.399699115
    S         4.286610250         2.531380060         0.890798012
    S         0.179278455         5.098099692         7.737879097
    S         3.355936307         7.524458556         3.905703331
    S         3.785662860         5.867920762         1.105908238
