CELL_PARAMETERS (angstrom)
         5.788286353         0.003689564         0.003404880
         0.121970056         8.791545951        -0.012675527
         0.731365933         3.111830241        10.033219059

ATOMIC_POSITIONS (angstrom)
   Mo         5.946724988         6.827631613         4.120127468
   Mo         5.919497900         6.767916345         1.184383634
   Mo         0.253359620         3.587596464         3.658058719
   Mo         5.925408712        10.734857340         8.384192578
   Mo         5.974160384         4.103042094         6.421327087
   Mo         6.016809805        10.165998248         5.460203880
   Mo         2.319639985         2.055290227        -0.296067651
   Mo         3.060587498         7.343322460         7.671953010
   Mo         0.169760854         9.428336123         2.469143570
    S         4.210989099         3.106577396         5.091965025
    S         1.518524836         8.043425482         5.893620209
    S         4.422977865         7.006087091         9.543654800
    S         1.851104978         2.409887120         6.915188859
    S         4.595464362         6.201232032         6.181378844
    S         4.423431465         8.705071564         4.181414659
    S         3.796621459         7.132985999         0.248396176
    S         1.438007973         5.657896850         8.015350563
    S         0.711164841         2.979429813         1.283701747
    S         1.869461608         7.608656952         2.630724324
    S         1.799157039         1.710066506         3.760636264
    S         1.608798352         8.832411251         9.139788477
    S         4.580809372         5.373984859         2.746269136
    S         4.533685337         9.231779632         7.255597647
    S         1.546525519        12.045388865        10.088705366
    S         1.757869412         5.030175552         4.751801727
    S         4.418746564         3.860516241         8.302113890
    S         3.813081601         1.322129570         1.371322194
