CELL_PARAMETERS (angstrom)
         6.375915938         0.075671792         0.104970786
        -0.088604586         6.747557797         0.153630235
        -1.942347834        -2.143350473         8.244626798

ATOMIC_POSITIONS (angstrom)
   Mo         2.487154988         2.075413513         0.990040778
   Mo         0.827289314         1.733093915         5.057074709
   Mo        -0.078475193         2.339383315         7.734184736
   Mo         0.220545395         1.010216978         2.281077854
   Mo         5.681172172         5.538875200         1.220580729
    S         4.071501122         2.526500947         7.171164241
    S         1.265489658         0.106011433         0.080104281
    S        -1.148166091         2.013420840         4.005795444
    S         0.378975674         0.173278371         6.684240955
    S         0.477031394         3.321457027         1.477256154
    S         2.433401986         1.373164365         3.410203475
    S         4.579907295         0.936399744         0.938898945
    S         1.233663466         3.646684339         6.206553495
    S         0.111674276         5.580689201         3.319432005
    S         3.518137491         4.406873295         1.285639631
