CELL_PARAMETERS (angstrom)
         7.251618636         0.878489449         0.494108943
        -0.739638286         5.611340577         0.415388773
        -0.448206971        -1.215513294         8.932154772

ATOMIC_POSITIONS (angstrom)
   Mo         2.848483849         1.740996576         9.865018069
   Mo         3.023725667         3.723570210         3.580170731
   Mo         2.899299251         5.726287880         1.579015080
   Mo         4.876170108         4.935688876         7.468142875
   Mo         1.166496920        -1.215143712         6.746708959
    S         3.350032014         1.453130604         3.111517866
    S        -0.825735500         2.590378739         7.864112927
    S         1.224393120         3.716268528         5.159587299
    S         4.870257764         4.396725034         2.135037048
    S         2.730777865         3.515952540         8.198042358
    S         4.538529209         4.121185385         5.386553193
    S         4.780094526         0.523542423         8.942111138
    S         1.271166068         3.933686496         1.899723155
    S        -0.394554905         0.328771253         5.977326250
    S         1.857578927         1.311969595        -0.199479787
