CELL_PARAMETERS (angstrom)
         6.537560452         0.512855575         0.291660153
         0.566011409         6.714619786        -0.131096658
        -1.692524700        -0.782133962         7.961967229

ATOMIC_POSITIONS (angstrom)
   Mo         2.544420554         2.128551963         0.845307208
   Mo         2.152167021         3.255484113         5.065034010
   Mo        -0.305077549         2.944812394         6.643415158
   Mo        -1.328492318         0.732604808         1.453508478
   Mo         1.923915617         6.488919747         2.098336369
    S         4.049183280         3.173858347         6.403556089
    S         1.092403875         7.364399800        -0.029869375
    S         2.902329921         4.969256015         3.635236238
    S         1.214628357         1.240629458         6.319387010
    S         1.374337329         4.255765339         0.932865571
    S         2.269655775         1.780514094         3.259823930
    S         3.582157111        -0.147425789         0.914173055
    S         0.494696353         4.805981694         5.616020655
    S         6.488208096         7.413203925         3.687842995
    S         4.476426604         3.389932377         1.458237755
