CELL_PARAMETERS (angstrom)
         6.692570999         0.100856711         0.009655817
        -1.641656809         2.801840991         0.002032374
        -2.101161966         2.825035377        26.698891357

ATOMIC_POSITIONS (angstrom)
   Mo         0.298981724         2.131485704         9.767912157
   Mo        -2.358415590         3.163496203        23.503938603
   Mo         3.669331871         1.991342291         9.520765276
   Mo         1.309618745         3.600620914        23.847891222
   Mo        -0.449939794        -0.617541467         3.564902202
   Mo        -1.883268493         0.782772551        16.776304494
   Mo         3.014168214        -0.516242069         3.394048534
   Mo         1.395292641         0.837670139        16.434912504
    S         2.156152544         3.082111463        11.145422903
    S        -0.423488294         4.452713190        25.451863238
    S         5.208289511         3.078179907        11.313072564
    S         3.073058050         4.468329996        25.233307244
    S        -0.399657251         1.248928662         1.923069767
    S        -1.942151015         2.580769214        15.091356363
    S         3.026712833         1.389618705         1.791727081
    S         1.542792091         2.844169808        14.917117485
    S        -0.317842481         3.196832585         5.013773033
    S        -1.795699054         4.622500071        18.131284866
    S         2.945957703         3.194880179         5.185996880
    S         1.375253210         4.485740758        18.277535939
    S         1.887164821         1.081226518         8.098590910
    S        -0.362454786         2.477588205        22.264620651
    S         5.435914953         1.221443484         7.967489218
    S         2.627708375         2.408330997        22.058010752
