CELL_PARAMETERS (angstrom)
         6.531726947        -0.904162839         0.445986988
         0.118823997         6.633411098        -0.252971587
         4.416324240         0.561213643         8.346824002

ATOMIC_POSITIONS (angstrom)
   Mo         4.310409763         1.243033275        -0.699290109
   Mo         2.805606236         3.610804992         2.969040522
   Mo         5.295912723         2.936606582         1.520251397
   Mo         6.021211111         1.000113825         6.849926177
   Mo         3.350530387         6.856572109         5.781366764
    S         7.184875100         2.276979205         2.571347601
    S        10.786610763         7.000170266         8.309146205
    S         2.267243256         5.494306137         4.222763070
    S         3.555567572         1.485627154         1.749982682
    S        10.110134825         3.837339800         7.606908086
    S         2.921978259         2.364814076         4.908802195
    S         7.592587265        -0.386511962         7.799960312
    S         4.528949402         4.990173048         2.100476373
    S         5.494003208         6.610931696         4.688095801
    S         6.940169210         3.070985239         6.670364010
