CELL_PARAMETERS (angstrom)
         5.676423247         0.049411642        -0.017780229
        -0.038238643         7.338669795        -0.081304329
        -0.430288411         0.071407624         9.007205952

ATOMIC_POSITIONS (angstrom)
   Mo         3.028413217         3.572483539        -0.569249406
   Mo         1.610661013         3.614998480         5.846715317
   Mo        -0.244673976         3.610850348         7.997021211
   Mo         0.334164032         1.318818561         2.219987408
   Mo         0.305475186         5.827029947         2.176103969
    S         3.931164884         3.634893947         6.131500235
    S         1.867865991         7.235191824         1.222215912
    S         1.241253596         5.265882883         4.153083226
    S         1.316434445         1.808432801         7.452332770
    S         1.384530439         3.571234477         1.217413564
    S         1.273552958         1.926274472         4.181973742
    S         4.572422739         1.890721059         0.361153580
    S         1.274005947         5.437011393         7.423677996
    S         4.314793572         7.299115951         2.944334191
    S         4.546399897         5.291966872         0.336272253
