CELL_PARAMETERS (angstrom)
         6.924162907        -0.110546204         0.049218335
        -3.474061328         5.778574564        -0.034333317
        -1.135875955        -1.182287909        12.737173310

ATOMIC_POSITIONS (angstrom)
   Mo         0.283815701         1.649946991         3.943787848
   Mo        -1.420921544         4.389148345         2.813618224
   Mo         3.931495134         1.384656511         2.947558231
   Mo         2.209005160         4.169647037         3.667880041
   Mo        -0.324154413        -0.456050852         9.295255296
   Mo        -1.616882080         2.314620091         9.111971208
   Mo         3.518652165         0.070753305         9.633629578
   Mo         1.863827545         2.722620344         9.623541628
    S         0.757346209        -0.729942492         4.837280026
    S         0.010647261         3.819241087         4.823340520
    S         5.151225787         0.489669432         4.908944043
    S         2.542805487         2.161744020         4.871854124
    S        -1.478871765         0.884735781        10.946905183
    S        -3.361694633         3.755236009        10.922280843
    S         1.734560777         0.776934539        11.229684643
    S        -0.167672336         3.687829235        10.890066389
    S         1.683777320         0.813250903         1.999595215
    S         0.751242368         5.116930566         1.668567742
    S         6.039995552         2.059717191         1.964962933
    S         3.507567750         3.516420250         1.639029872
    S         0.164753275         1.642086327         7.814891299
    S        -1.679127513         4.709899587         7.988361109
    S         3.330048843         1.745407726         7.909357779
    S         1.372463667         4.470099946         7.872934784
