CELL_PARAMETERS (angstrom)
         6.870770633        -0.042493847         0.048623516
        -3.187856253         6.113921606        -0.042325990
         0.340001661        -0.610129762        23.238248280

ATOMIC_POSITIONS (angstrom)
   Mo         2.633323135         0.473421770         3.859768170
   Mo         1.030610424         3.466604271         3.876243505
   Mo         6.161316429         0.761893597         3.808714239
   Mo         4.517716013         3.395943511         3.836901959
   Mo        -0.425778852         1.885339342        19.435235765
   Mo        -2.104662983         5.026520869        19.265132496
   Mo         2.902455185         1.846944687        19.385614883
   Mo         1.315813578         4.853732459        19.518092595
    S        -0.700502759         2.613259084         5.387726175
    S        -2.339426357         5.640055860         5.225145273
    S         2.740462498         2.505333814         5.362598090
    S         1.161895752         5.609585776         5.271268827
    S         1.273795416         0.871744373        20.897815693
    S        -0.415313415         3.944874144        20.913530063
    S         4.683396461         0.854275309        20.943098609
    S         3.147068687         3.908123955        20.868722280
    S         1.012970620         1.594767382         2.260903349
    S        -0.668475057         4.577833436         2.344661744
    S         4.348351640         1.522811328         2.302907698
    S         2.766960878         4.670037382         2.459467497
    S         2.943729525        -0.150389876        17.923435137
    S         1.304582221         2.965184165        17.924644846
    S         6.269689398        -0.100209510        17.957330322
    S         4.760367026         2.911280592        17.935976906
