CELL_PARAMETERS (angstrom)
         6.490148262         0.052419796        -0.121617489
        -1.586995260         2.772313110         0.105306612
        -0.931493425        -0.875370786        26.474350013

ATOMIC_POSITIONS (angstrom)
   Mo        -0.079710678        -0.336315531         9.841469468
   Mo        -0.846602709        -0.866024178        23.233407986
   Mo         3.159832327        -0.231668667         9.729060522
   Mo         2.314434953        -0.846300959        23.384860432
   Mo        -0.162682838        -0.032622629         3.345684351
   Mo        -0.751887118        -0.561466783        16.445356882
   Mo         3.101233805        -0.063793377         3.258246705
   Mo         2.451510435        -0.459107121        16.431207535
    S         1.634328688         0.404071797        11.477989535
    S         0.564030604        -0.003562626        25.034684677
    S         4.772123970         0.560061715        11.378690437
    S         4.105639327         0.145016804        24.736114218
    S        -0.191650289         1.794261861         1.797675680
    S        -0.716805682         1.306159644        14.916061600
    S         3.108470671         1.803538523         1.690164459
    S         2.474021437         1.395468972        14.873016418
    S        -0.086712967         1.851329121         5.002924235
    S        -0.718150696         1.309354752        18.108082347
    S         3.152776064         1.757078474         4.908816639
    S         2.502402481         1.409575358        18.062816032
    S         1.439833351         0.709442865         8.183812065
    S         0.864787511         0.184376965        21.850682586
    S         4.822993357         0.738436363         8.132684137
    S         4.089424174         0.123034321        21.482539919
