CELL_PARAMETERS (angstrom)
         6.699295657        -0.033104115         0.119819416
        -3.290116887         5.775586761         0.134576354
         0.584266575        -0.305933923        26.345563303

ATOMIC_POSITIONS (angstrom)
   Mo         2.017434602         0.920029378         4.183237021
   Mo         0.304860833         3.791171514         3.882147086
   Mo         5.226757952         0.884494818         4.001873838
   Mo         3.824592154         3.704964899         4.679400587
   Mo         0.318529059         1.687063151        22.465438649
   Mo        -1.368388818         4.549896256        22.465473320
   Mo         3.692737424         1.652433102        22.356625219
   Mo         2.029034240         4.563036086        22.408486075
    S         0.144121654         1.460064581         5.645350791
    S        -1.007003658         4.646863422         5.807104968
    S         3.813092578         1.595347492         5.895774506
    S         1.812047337         4.491488954         5.710754997
    S         1.960687520         0.637208184        24.058840108
    S         0.274043991         3.624193988        24.098118497
    S         5.243653793         0.620449864        23.950916896
    S         3.598714206         3.537221507        23.961827821
    S         0.342187010         1.853868108         2.379228362
    S        -1.556847572         4.904459904         2.713993610
    S         3.527707476         2.239462584         2.803227312
    S         1.843762226         4.931441596         2.373401658
    S         1.938824545         0.729321720        20.858768081
    S         0.315693007         3.554739047        20.899475096
    S         5.523758099         0.786138951        20.795289714
    S         3.789275502         3.616420959        20.777334944
