CELL_PARAMETERS (angstrom)
         7.075500141         0.056130260         0.031574926
        -1.734329050         2.965151272        -0.015705106
        -0.377497076         6.519966769        24.910940244

ATOMIC_POSITIONS (angstrom)
   Mo         0.591874728         3.320204072         9.323772995
   Mo        -0.632869112         6.264008992        21.685627513
   Mo         3.677760917         3.202841309         8.980123251
   Mo         3.043237208         6.618983022        22.202178059
   Mo        -0.146110057         0.058223940         3.350117797
   Mo        -0.250781258         3.290377087        15.650515418
   Mo         3.413780152         0.096650360         3.098423538
   Mo         2.785929044         3.333700706        15.491843912
    S         2.201249269         4.332214846        10.709391977
    S         1.294428287         7.523322230        23.644067797
    S         5.623636296         4.175085082        10.543128627
    S         5.056924779         7.598500572        23.310677707
    S        -0.073232165         1.995295160         1.691257605
    S        -0.554254785         5.143563203        13.964103293
    S         3.523602558         2.075651859         1.598609961
    S         2.978190777         5.315323294        14.001888261
    S        -0.013772330         3.955245888         4.708522637
    S        -0.404031158         7.212684863        17.238338455
    S         3.447546539         3.979095101         4.831991220
    S         3.028518187         7.127320818        16.994450420
    S         2.017531892         2.167189423         7.592217629
    S         1.487271174         5.619110382        20.552573443
    S         5.452759841         2.264561722         7.532902311
    S         4.691059787         5.341283067        20.436854968
