CELL_PARAMETERS (angstrom)
         7.093413646        -0.078362007         0.018730123
        -3.403918852         6.331921104         0.030461811
        -0.262014910        -2.399255125        25.349903629

ATOMIC_POSITIONS (angstrom)
   Mo         1.688646225         0.868907260         0.249958831
   Mo         0.139857922         3.660013951         0.217797535
   Mo         5.412472678         0.965714388         0.698591002
   Mo         3.397248982         4.251238443        -0.108670911
   Mo         0.113731514         1.360880734        19.453805238
   Mo        -1.652744512         4.629851848        18.443363859
   Mo         3.659243221         1.141304837        19.564813030
   Mo         1.979802233         4.708630413        18.417155559
   Mo         0.074539565         0.981008783         5.859375567
   Mo        -1.656648726         4.516157867         6.696785815
   Mo         3.549910206         1.234883025         6.730875399
   Mo         1.919056322         4.233745251         5.588345534
    S         0.143903852         1.950416124         1.913420394
    S        -1.800217560         4.942387760         1.427516724
    S         3.407848670         2.130263934         1.486590162
    S         1.866165181         4.992958965         1.655089922
    S         1.793230364        -0.221778382        20.426670992
    S        -1.720386621         2.840821668        20.253516193
    S         5.466044088        -0.268008459        20.427338086
    S         1.883571897         2.849644122        20.177283540
    S         1.512146412         0.415033475         7.776162512
    S         0.593756722         5.193490130         7.464299576
    S         5.722626214         2.097330455         7.625208312
    S         3.270481141         3.623286329         7.472957771
    S        -0.427299993        -2.278135020        24.198845848
    S        -2.123494932         0.459237638        24.317322096
    S         3.358172654        -2.658542008        24.662220421
    S         1.514960882         0.484717964        23.930237137
    S         3.720764816        -0.031000581        17.490440785
    S         0.126521931         3.194640721        17.581197528
    S         7.269180773        -0.137838327        17.539186325
    S         3.678042484         3.280085068        17.406943189
    S         0.436937500        -1.156422348         4.702581468
    S        -0.306362177         3.276591357         5.000601514
    S         4.946516798         0.263239225         4.938271294
    S         2.148887700         1.788520908         4.840112543
