CELL_PARAMETERS (angstrom)
         6.606563401        -0.067773095         0.291937459
        -3.106868589         5.565198010         0.172942324
         0.412459609         0.134646340        13.145967111

ATOMIC_POSITIONS (angstrom)
   Mo         0.537738400         1.900830627         3.342834535
   Mo        -1.122052322         4.531626372         3.495328101
   Mo         3.635699729         1.734754345         3.573595547
   Mo         2.148052672         4.416674769         4.185041758
   Mo         1.720228345         0.974346424         9.998367006
   Mo         0.171386764         3.777348514        10.018280685
   Mo         5.141137716         1.012555824         9.923470028
   Mo         3.552868289         3.811005748         9.997826542
    S         2.065229603         0.724287942         5.008130376
    S         0.229611850         3.559321773         5.298768788
    S         5.289739164         0.884076251         5.170460792
    S         3.835143673         3.330598076         5.546498992
    S        -0.039139635         1.916922358        11.596986890
    S        -1.554318663         4.616807132        11.699196973
    S         3.529847941         1.999830663        11.477461712
    S         1.940853147         4.788287039        11.574976051
    S         1.954171401         0.991006106         1.694731447
    S         0.846043079         3.935619812         2.116772387
    S         5.443432208         1.540331756         1.851338715
    S         3.531251687         3.825821252         2.355996768
    S         0.253411053         1.923878890         8.337008336
    S        -1.375809282         4.833355859         8.429798266
    S         3.634344977         2.051915295         8.176237502
    S         1.975714323         4.769826796         8.342283914
