CELL_PARAMETERS (angstrom)
         6.954604685         0.096284331         0.004028626
        -1.750916829         2.955407706        -0.034497079
        -2.107748257        -4.145045088        26.399157104

ATOMIC_POSITIONS (angstrom)
   Mo         0.217074075        -1.184111949         9.952813062
   Mo        -2.012726371        -3.936302375        22.646744586
   Mo         3.498795098        -0.878507502         9.427509456
   Mo         1.100568118        -4.070964494        24.500947449
   Mo        -0.192230365        -0.170334666         3.700614933
   Mo        -1.837983395        -2.499087800        16.305260858
   Mo         2.837292733        -0.208163985         3.127189309
   Mo         1.633294355        -2.412900298        16.229783549
    S         1.908949420        -2.081270858        11.276829791
    S        -0.700843713        -3.137098457        25.852986968
    S         5.127103769        -1.914545524        11.012038227
    S         3.025005572        -2.943272306        23.935777251
    S        -0.987124974         1.412185213         1.930889664
    S        -1.775184938        -0.611232995        14.704508546
    S         2.501442430         1.525676517         1.596839039
    S         1.678840441        -0.431888504        14.658615438
    S         0.013334174         1.858759701         5.021378442
    S        -1.854280396        -0.455216201        17.835238536
    S         4.024339669         1.023100447         4.841561873
    S         1.544527193        -0.398486837        17.766473539
    S         1.551828907        -0.079612440         8.160302139
    S        -0.043714985        -2.734153302        22.807077227
    S         4.878273230         0.453709941         8.037216992
    S         4.157578892        -2.315319236        20.936907401
