CELL_PARAMETERS (angstrom)
         6.773456226         0.049353495        -0.061610705
        -3.249812103         5.897092466        -0.044125098
         1.877461199        -0.708827161        24.304239527

ATOMIC_POSITIONS (angstrom)
   Mo         2.377271043         0.769906157        -0.108609482
   Mo         0.283022477         3.291367634         0.018763436
   Mo         5.429617259         0.801320831        -0.164556806
   Mo         3.658180510         3.485771048         0.253809788
   Mo         1.246228740         2.099272695        18.340799727
   Mo        -0.875679999         4.679395443        17.951226668
   Mo         4.171008001         1.927945327        18.222787994
   Mo         2.968984779         5.245722126        17.899744667
   Mo        -0.078190833         1.528111798         5.726841534
   Mo        -1.620396315         5.055148439         5.999384919
   Mo         3.341266090         2.273632932         6.248156993
   Mo         1.506973154         4.586152009         5.883646273
    S         0.609709457         1.461444638         1.510106599
    S        -1.188313869         4.561609335         1.554277209
    S         4.006569850         1.509707730         1.671465341
    S         2.048874491         4.586333817         1.565701105
    S         2.621936857         0.932521552        19.930643076
    S         0.991916835         4.180147163        19.608045537
    S         6.071885969         1.157421642        19.668912541
    S         4.255731130         4.032763068        19.592266638
    S         3.503475021         0.083863538         7.494948414
    S         1.621555412         3.023581043         7.730107113
    S         6.644990913         0.162642964         7.527138463
    S         5.405963097         2.901823124         7.351178950
    S         0.473290298         2.009979176        22.769355072
    S        -0.808673975         4.735285355        22.995583457
    S         4.108419894         1.982817308        22.790396070
    S         2.553691187         4.725116774        22.705403996
    S         4.155952166        -0.020985270        16.639578623
    S         2.682600729         3.159638265        16.648948881
    S         7.899332925         0.369948873        16.475618245
    S         6.114809390         2.748458918        16.601793557
    S         1.969985803         0.915462770         4.465267915
    S        -0.229013378         3.731588333         4.449822985
    S         4.870390751         0.864699224         4.404512919
    S         3.515045417         3.920933491         4.542847901
