CELL_PARAMETERS (angstrom)
         6.430328427         0.060015325        -0.025884368
        -3.253054217         5.544867766         0.061569218
        -0.093460815        -0.045842776        11.770287788

ATOMIC_POSITIONS (angstrom)
   Mo        -0.062910476        -0.047255902         8.825075465
   Mo        -1.680781510         2.736345647         8.872698757
   Mo         3.151644692        -0.003190297         8.818833336
   Mo         1.528463622         2.762203413         8.847941972
   Mo        -0.036728063        -0.009184000         2.940496697
   Mo        -1.658608981         2.757824606         2.967080888
   Mo         3.175713684         0.017116101         2.924441288
   Mo         1.559793330         2.796113922         2.958093127
    S         1.540190235         0.871137579        10.427795779
    S        -0.098653152         3.672945940        10.464111258
    S         4.773773949         0.924303597        10.398057305
    S         3.158479238         3.702197717        10.445046337
    S        -0.054950887         1.843629019         1.361039033
    S        -1.693628691         4.636186189         1.404568118
    S         3.161770976         1.875300667         1.343564430
    S         1.535767327         4.680354771         1.383413348
    S        -0.034683627         1.862481709         4.545353006
    S        -1.667779251         4.602777698         4.584061775
    S         3.169467873         1.878517127         4.526258015
    S         1.537913286         4.633470749         4.566537535
    S         1.542477061         0.936480119         7.242390777
    S        -0.070024878         3.688700491         7.280833920
    S         4.753098072         0.942955065         7.218739314
    S         3.111175146         3.701467608         7.261641419
