CELL_PARAMETERS (angstrom)
         6.890222518        -0.229284918        -0.120422018
        -3.268508683         5.848519645        -0.028339875
        -1.596426344        -1.313751557        12.789646850

ATOMIC_POSITIONS (angstrom)
   Mo         0.244930191         1.644109686         3.962595511
   Mo        -1.144752501         4.153397866         2.850514181
   Mo         3.817221886         1.242213443         2.815645725
   Mo         2.061118274         4.205469191         3.503567472
   Mo        -0.302846763        -0.294899929         9.259977953
   Mo        -1.589688298         2.692250604         9.224706861
   Mo         2.827756300        -0.460941654         9.500112622
   Mo         1.279913966         2.370697174         9.595352148
    S         0.526754753        -0.709656688         4.641599741
    S        -0.065755237         3.794957510         4.881503127
    S         5.003701330         0.414234584         4.790260675
    S         2.445845133         2.034802961         4.812445696
    S        -2.005473806         0.826261542        10.832478125
    S        -3.541728946         3.660689837        10.905103262
    S         1.205930006         0.526639177        11.109829531
    S        -0.374254332         3.514392592        11.070280169
    S         1.651507003         0.701285564         2.043488193
    S         0.763393399         5.056052060         1.526793348
    S         5.967645146         1.776424703         1.733900592
    S         3.580001842         3.441805167         1.524620102
    S         0.013099348         1.610754840         7.645189855
    S        -1.717598289         4.705055675         7.662764707
    S         3.220177026         1.577630974         8.021167751
    S         1.405426915         4.472757580         7.898539790
