CELL_PARAMETERS (angstrom)
         6.573062895         0.008426283        -0.296265890
        -3.270331460         5.685967872         0.214283182
        -0.783131806        -0.501697621        13.333933661

ATOMIC_POSITIONS (angstrom)
   Mo        -0.386254908        -0.375257824         9.606088506
   Mo        -1.983567053         2.326057042        10.252003675
   Mo         2.916278050        -0.207490027         9.841709651
   Mo         1.061596183         2.168279535        10.458246964
   Mo        -0.400874824        -0.013292438         3.321235348
   Mo        -1.990507861         2.737632941         3.354190554
   Mo         2.799866854        -0.077512125         3.157970978
   Mo         1.314053290         2.836489560         3.232954272
    S         1.051325270         0.107259919        11.491341358
    S        -0.584769116         3.319240279        11.986181372
    S         4.797257922         0.321660700        11.234952995
    S         2.907947394         2.992441486        11.665665062
    S        -0.304821268         1.722614243         1.672334520
    S        -2.174971887         4.760841098         1.883048494
    S         2.894269621         1.734666280         1.489472293
    S         1.150241066         4.798571445         1.665733820
    S        -0.287849070         2.010835489         4.885711966
    S        -2.031435896         4.544429489         5.073049031
    S         2.985930853         1.866688341         4.719087482
    S         1.205690969         4.684499218         4.907517096
    S         1.327441458         0.980483556         8.418732510
    S        -0.357107416         3.452553206         8.701013131
    S         4.541381346         0.688445487         8.004293275
    S         3.155216226         3.373614608         8.167713495
