CELL_PARAMETERS (angstrom)
         6.959944941         0.007378994        -0.028068978
        -3.464704756         5.996617572         0.000696293
         2.137030841        -0.949357069        24.323393545

ATOMIC_POSITIONS (angstrom)
   Mo         2.279391992         0.736880118        -0.116743906
   Mo         0.304854944         3.601759917        -0.014637991
   Mo         5.716915750         0.739818522        -0.176365169
   Mo         3.855983319         3.710472794         0.283625046
   Mo         1.207715891         1.790634922        18.511186132
   Mo        -0.734104896         4.541667807        18.170108104
   Mo         4.521900060         1.723439113        18.381786551
   Mo         2.968412068         4.880427249        18.074586708
   Mo         0.014403329         1.763289090         5.714655688
   Mo        -1.736703125         5.064529775         6.118796111
   Mo         3.474157074         2.102634567         6.254823830
   Mo         1.672378913         4.817504074         5.815783513
    S         0.462181286         1.617728118         1.450099811
    S        -1.306352875         4.737677867         1.592373713
    S         3.973160952         1.596036737         1.525678185
    S         2.043403308         4.732668636         1.526747103
    S         2.826184791         0.600266999        19.913500654
    S         1.115976314         3.907054563        19.760621522
    S         6.328914498         0.779048364        19.843966005
    S         4.507369873         3.781100261        19.737147100
    S         3.625846201        -0.010416615         7.537283953
    S         1.634622551         2.965194330         7.489083476
    S         6.901329850         0.023919680         7.423944041
    S         5.482852431         2.954853979         7.438667250
    S         0.671298247         1.810202515        22.872980087
    S        -0.836598941         4.593626046        22.885808270
    S         4.307211544         1.797023896        22.870430762
    S         2.622097452         4.673708719        22.710616875
    S         4.490687244        -0.258092073        16.749117418
    S         2.810754951         2.778960658        16.862719679
    S         8.163285988        -0.064437996        16.717679432
    S         6.339906529         2.546833936        16.796849755
    S         1.969004476         0.980414173         4.539511517
    S        -0.119322205         3.914006413         4.400509487
    S         5.057460819         0.944468914         4.438575651
    S         3.576955914         3.975476493         4.583919150
