CELL_PARAMETERS (angstrom)
         6.554418290         0.053367400        -0.100573851
        -1.614789130         2.800620722         0.079029849
        -0.862573668        -0.791544842        26.408420662

ATOMIC_POSITIONS (angstrom)
   Mo        -0.077466234        -0.290176050         9.861020656
   Mo        -0.785918242        -0.769109656        23.107502035
   Mo         3.205701226        -0.245037896         9.705203096
   Mo         2.421885481        -0.769240317        23.362272284
   Mo        -0.145037254        -0.041798771         3.349887452
   Mo        -0.704294966        -0.482287194        16.436205280
   Mo         3.142345679        -0.064979557         3.243658202
   Mo         2.553362497        -0.421165871        16.388329504
    S         1.663181621         0.443416221        11.430383907
    S         0.636801702         0.079826912        24.961694630
    S         4.825661082         0.552176018        11.374791351
    S         4.193639657         0.241607180        24.630597552
    S        -0.220407844         1.798825127         1.782521534
    S        -0.675272066         1.379892278        14.886849782
    S         3.100877431         1.822515634         1.678919392
    S         2.579539888         1.449389805        14.830239921
    S        -0.053642507         1.879429393         4.978294367
    S        -0.683321650         1.410900039        18.069150483
    S         3.221159539         1.793869331         4.882832489
    S         2.571398117         1.472181321        18.008946656
    S         1.476283505         0.743694855         8.183537097
    S         0.978377535         0.269713704        21.802556610
    S         4.834193778         0.829792381         8.155049894
    S         4.196794727         0.222230829        21.400874489
