CELL_PARAMETERS (angstrom)
         6.621959458         0.142622707        -0.140551978
        -1.578505376         2.798310387         0.068323071
        -2.667815158        -4.829894294        26.162652561

ATOMIC_POSITIONS (angstrom)
   Mo        -0.431489775        -1.456691377         9.739114436
   Mo        -2.243958000        -4.334440760        22.770318509
   Mo         2.870583270        -1.089381869         9.495156317
   Mo         0.460018780        -4.604972790        23.765029683
   Mo        -0.294217751        -0.449700503         3.490074613
   Mo        -2.034366830        -2.930454959        16.234246954
   Mo         2.821840309        -0.490073736         3.103182565
   Mo         1.293884461        -2.889791539        16.142996273
    S         1.305915082        -2.148321200        11.275486461
    S        -1.480627288        -3.865143986        25.081106977
    S         4.414366926        -2.061920751        11.119395382
    S         2.432199303        -3.393317978        23.889792653
    S        -0.524331206         1.319967197         1.802513972
    S        -2.003739363        -1.059107733        14.684981223
    S         2.776516119         1.411326618         1.504028215
    S         1.376771632        -0.980461010        14.584598995
    S        -0.140987901         1.462674717         5.046145245
    S        -1.944245375        -1.031750451        17.851294888
    S         3.205566214         1.172048794         4.874528627
    S         1.342375877        -1.002649162        17.740927637
    S         1.074642556        -0.325129097         8.008308894
    S        -0.325086623        -3.230106405        21.966827086
    S         4.512352070        -0.127252014         7.888721340
    S         3.344977968        -2.878887590        20.832872427
