CELL_PARAMETERS (angstrom)
         6.796286023        -0.137274410         0.132398767
        -3.480131590         5.897079346         0.019331812
        -2.459015889        -1.207060476        19.598613778

ATOMIC_POSITIONS (angstrom)
   Mo         1.305452876         1.124885504         6.348649483
   Mo        -0.309809295         3.982070356         6.345448201
   Mo         4.403178062         1.013158667         6.557937914
   Mo         2.802717741         3.493001697         7.282647113
   Mo        -1.659832739         0.402778385        13.250629296
   Mo        -3.296921964         3.366963324        12.818716807
   Mo         1.918438423         0.372454512        13.320544677
   Mo         0.077374990         3.354556495        12.768643433
   Mo        -2.649617772        -1.592081042        19.375965119
   Mo        -4.957231554         1.788955542        20.274582309
   Mo         0.206638119        -1.224684156        20.334635838
   Mo        -1.005608433         1.308098826        19.459599780
    S        -0.529977106         1.737462475         0.930399052
    S        -2.670757751         5.020806481         2.042533066
    S         2.426546374         1.993801227         2.079960329
    S         1.152810834         4.622548436         1.066135195
    S        -0.601906159         1.274277623         4.712277025
    S        -2.413188728         3.398257497         5.319866301
    S         2.982659622         0.088913388         4.829695753
    S         1.553016587         3.202608150         5.103450618
    S        -0.562100129        -0.045124696         7.708861226
    S        -2.568573700         2.522450785         8.511949933
    S         2.654462636        -0.143476841         8.048799121
    S         0.787650968         2.721654433         8.213846845
    S         0.124431753        -0.547897034        11.666778163
    S        -1.623630878         2.165233524        11.407134813
    S         3.495594837        -0.521418404        11.635593744
    S         1.805347030         2.094792665        11.440420149
    S         0.089897173         1.486172328        14.570522306
    S        -1.569213490         4.161977067        14.504190573
    S         3.526597369         1.333769161        14.872557414
    S         1.730169587         4.030601031        14.586928516
    S        -2.052573829         0.031650212        17.623291834
    S        -4.201411606         3.269602051        18.521855197
    S         0.918306921         0.278318785        18.558407532
    S        -0.434529680         2.954457347        17.712316002
