CELL_PARAMETERS (angstrom)
         7.210706626         0.040464403         0.004096232
        -1.762575369         3.056888437        -0.011500409
        -3.319469588         0.905830161        26.370056142

ATOMIC_POSITIONS (angstrom)
   Mo         0.272815693         1.727252265         9.674144709
   Mo        -3.472579274         1.754263514        23.466337460
   Mo         3.824557589         1.500256906         9.172803396
   Mo         0.207989417         1.974567029        23.547427264
   Mo        -0.556649972        -1.033104292         3.626725026
   Mo        -2.944417087        -0.641950311        16.618033567
   Mo         2.857786614        -1.070096080         3.208575509
   Mo         0.719550231        -0.583017299        16.049843465
    S         2.274218169         2.643146417        10.766433064
    S        -1.555394915         2.986134721        24.964470880
    S         5.770998887         2.733320851        11.030289466
    S         2.063324366         2.940672003        24.989646094
    S        -0.652221218         0.950773570         1.986189987
    S        -2.954316636         1.425918580        15.024518522
    S         3.065147042         1.078942108         1.991116361
    S         0.854920534         1.544446990        14.810927683
    S        -0.512408075         3.077520812         4.809113424
    S        -2.819916215         3.524547571        17.605251281
    S         2.999616429         3.010275508         4.882244500
    S         0.611403449         3.419291021        17.855786418
    S         2.109755654         0.506296753         7.987952974
    S        -1.522184001         0.859898533        22.115235817
    S         5.883194733         0.659036977         8.079829114
    S         1.997225103         1.016359220        22.021246974
