CELL_PARAMETERS (angstrom)
         5.657920687        -0.003252198         0.078072717
         0.387562502         9.080757392        -0.016976358
        -0.680645116        -1.622701795        10.012984090

ATOMIC_POSITIONS (angstrom)
   Mo         0.401834150         2.622289988         4.173748804
   Mo         0.464975039         3.394224870         1.331785164
   Mo         0.156051786         5.420389205         3.441587880
   Mo        -0.308729945        -0.745903803         8.602962726
   Mo        -0.016050959         6.139026305         6.597874318
   Mo         5.341023405        -0.013526953         5.873112343
   Mo         3.502088188         6.572777215        -0.192712884
   Mo         2.743136523         2.803720648         7.909619336
   Mo         3.096660181         0.018458487         1.964256551
    S         1.276695279         7.119564535         4.866420149
    S         4.165031545         1.978488213         5.852351193
    S         1.229006831         3.181728705         9.672101982
    S         3.609442381        -1.172048010         7.027920151
    S         1.295158703         3.920668128         6.226962476
    S         1.821980758         0.900275335         3.949941908
    S         1.735042140         1.510306921         0.625863062
    S         4.376639963         4.507394795         8.110612757
    S         4.848278159         5.335058709         1.490407796
    S         4.644176445         2.018962171         2.544183303
    S         4.936538545         8.154056781         3.620496039
    S         4.136411245         1.297329659         9.273315958
    S         2.066503508         3.860536237         3.079764071
    S         1.180174954         0.719367902         7.448256038
    S         4.983786184         8.596857266         0.162815633
    S         4.078040955         5.208439645         4.949559014
    S         1.427959328         6.406593237         8.378198962
    S         2.136581293         7.274666729         1.696276293
