CELL_PARAMETERS (angstrom)
        21.513483572         0.010137860        -0.010810987
         0.010870015        20.281664133        -0.001072084
         0.039968063         0.527225824        19.019562600

ATOMIC_POSITIONS (angstrom)
   Mo        13.954692306         8.344250026        10.082507150
   Mo         9.304454794         9.271812971        12.562177706
   Mo         9.992713794         6.787982581        11.114841771
   Mo        12.702402640        11.556763130        11.739976921
   Mo        10.764278369        13.142001306         9.686907077
   Mo         7.057163783        12.410602524        11.356238779
   Mo         8.690428652         7.767280255         8.637975912
   Mo        11.545133021        10.290718916         7.673761646
   Mo         7.359651658        11.331525265         7.596190903
   Mo         9.949787126        12.744095243         6.680226122
    S        11.857126008        11.615198290         5.808834806
    S        10.699856177        14.662271208         7.832078635
    S         9.453233481        11.427172324         8.447766868
    S         6.035096921        12.304837522         9.248175279
    S         7.257513681        10.402812228        12.523810297
    S        14.521862901        10.058997190        11.606968586
    S        10.377673903         8.310342171         7.164093825
    S         9.411303960         7.133693169        13.408879663
    S         8.904318708         5.564740453         9.387323105
    S         9.617346202         8.904258017        10.363075238
    S         6.839864047         9.027225480         7.849924973
    S         7.707385807        12.571522496         5.658647437
    S        12.499602447        13.835094984        11.246996638
    S        13.656957595         9.056516370         7.934091604
    S         5.878911774        13.738685184        12.577884435
    S         9.031253606        13.571097804        11.141135213
    S        11.084060350        10.639617868        13.179840742
    S        12.304302615         6.841295802        10.886650627
    S        15.700397531         7.100687233        10.027525414
    S        11.698801065        10.922599303         9.894389253
