CELL_PARAMETERS (angstrom)
         6.467787220         0.008166654         0.012244646
        -3.250651015         5.590188023         0.016685183
        -0.003959325        -0.025827463        27.027329355

ATOMIC_POSITIONS (angstrom)
   Mo         1.635807175         0.929356761         4.053928247
   Mo        -0.004043161         3.720360698         4.054125173
   Mo         4.865969745         0.931854303         4.054837071
   Mo         3.229501004         3.730584405         4.087315801
   Mo        -0.026079278         1.844709081        22.995120326
   Mo        -1.648195341         4.640160407        22.997424337
   Mo         3.207915152         1.845824454        22.987976827
   Mo         1.587760122         4.640908635        22.993873311
    S         0.012381180         1.848817537         5.624661933
    S        -1.609271444         4.650570645         5.647957389
    S         3.253215800         1.850206635         5.647876001
    S         1.593422457         4.654773495         5.650497120
    S         1.593936543         0.910136032        24.570594271
    S        -0.028010331         3.711019821        24.576691528
    S         4.817881716         0.909311623        24.570403923
    S         3.196982241         3.707062939        24.575815726
    S         0.021667519         1.859802099         2.465184936
    S        -1.633605379         4.656605861         2.488809161
    S         3.249738073         1.881814805         2.488025143
    S         1.622206281         4.657775721         2.490290867
    S         1.588051182         0.920260419        21.409818886
    S        -0.030051927         3.711022713        21.417554624
    S         4.836757786         0.924206895        21.410997196
    S         3.214989590         3.715555059        21.415044738
