CELL_PARAMETERS (angstrom)
        25.326415220         0.002468898        -0.022356588
         0.003152983        18.097879346        -0.005370423
         0.033908840         0.566692726        22.132262578

ATOMIC_POSITIONS (angstrom)
   Mo         7.086058940        10.509011728        13.179799483
   Mo        14.891860067         7.352126823        13.800315477
   Mo         9.213660040         9.740466675        14.959968523
   Mo         8.923948596         8.444350216        12.563704120
   Mo        14.892312270        10.769990558        12.420537571
   Mo        17.490657958         9.586503905         6.934048235
   Mo        13.302072165        10.361517616        16.012321158
   Mo        12.678674312         7.752739936        10.689948125
   Mo        14.770622257         9.019486345         7.685743230
   Mo        15.994926380        11.240022781         8.773373218
    S         5.992002035        12.212078466        12.376428884
    S        16.280983440         9.013385020        12.972609673
    S        16.687690153         8.998771935         9.051634046
    S        13.617839403         6.264118864        12.184706160
    S        13.118025109         9.880178430        11.310001143
    S        13.889542610        11.194058296         7.763702745
    S        13.303713691         7.280562207         8.518783280
    S         6.719270614         8.540971972        11.848898292
    S         9.311248541         7.431235755        14.636722143
    S        13.875196425        11.675084425        14.273424593
    S        13.515690756         8.161384888        15.475617960
    S         9.415818678        10.735477346        12.819802113
    S        16.038399753        12.188893167        11.028133339
    S         7.120176702        10.525300230        15.578694300
    S        17.680029600        11.946869390         7.341224884
    S        16.174029053         5.826570034        14.636661568
    S        15.758705492         8.518755872         5.648456217
    S        10.404595684         7.676676044        10.885234167
    S        19.438387289         8.673878355         6.560950781
    S        11.063101240        10.573901652        16.255607715
