CELL_PARAMETERS (angstrom)
         7.224870937         0.006468894         0.032947428
        -3.787608623         6.108251258        -0.040832825
        -0.327568457         0.570154765        22.715779425

ATOMIC_POSITIONS (angstrom)
   Mo         2.755703039         1.047375125         3.980681963
   Mo         0.116899141         3.663237252         3.313661970
   Mo         6.215232517         0.736349916         3.397917647
   Mo         4.270831716         4.039966488         3.825320007
   Mo        -1.022543744         2.960738484        19.454687512
   Mo        -3.018691084         5.799352894        18.867129895
   Mo         2.309190560         2.892155803        19.105463364
   Mo         0.669575508         5.885500250        18.902425751
    S        -1.196516279         2.676278113         4.990843293
    S        -2.948976593         6.066364275         5.082347037
    S         2.612475875         2.818337930         5.374107004
    S         0.562782147         5.636965208         4.861083749
    S         0.669585879         1.693898258        20.590929075
    S        -1.224531938         5.032340345        20.574462730
    S         4.266677840         1.852732729        20.549786225
    S         2.399638452         4.906053039        20.456145330
    S         1.029390793         1.602094755         2.274939104
    S        -1.390396350         4.568407119         1.860139219
    S         4.338422427         1.725701084         2.264463935
    S         2.391162358         4.573088976         2.325598741
    S         2.540081623         0.825511703        17.530483899
    S         0.543245736         3.845764518        17.634053868
    S         6.210850194         0.882660402        17.680923089
    S         4.272965986         3.745964571        17.761403995
