CELL_PARAMETERS (angstrom)
         6.663765049         0.072180173         0.045375445
        -1.615964348         2.796800631         0.023335528
        -0.425500446        -0.038503671        27.968022121

ATOMIC_POSITIONS (angstrom)
   Mo         1.403381336         1.435909663         3.759444103
   Mo        -1.077647620         1.116575481        17.899962668
   Mo         5.406566792         1.496744647         3.896007904
   Mo         2.410846644         1.346106206        18.267713521
   Mo         1.083873983         1.472227256         9.886392745
   Mo         1.139796137         1.571923758        24.438505640
   Mo         4.072293789         1.417503926         9.733322979
   Mo         4.208516797         1.403413473        24.160892102
    S         3.372759092         2.417288427         5.346488028
    S         0.591155855         2.046832102        19.795266437
    S         6.750610720         2.681662495         5.545033544
    S         4.050609890         2.269394637        19.685862784
    S        -0.731893671         2.317088274        11.390181284
    S        -0.703657391         2.331562199        25.874616039
    S         2.692102056         2.446315969        11.446439242
    S         2.841735918         2.481748428        25.905050881
    S         3.388753728         0.713788605         2.365004443
    S         0.727900822         0.321091466        16.443479780
    S         6.597620815         0.455220638         2.139691451
    S         3.821634623         0.224482006        16.546961585
    S        -0.763907172         0.516988643         8.197394890
    S        -0.580763305         0.571490571        22.690625050
    S         2.517285536         0.454735069         8.212081214
    S         2.520246730         0.461485830        22.716615286
