CELL_PARAMETERS (angstrom)
         6.554830172         0.109112921         0.032498249
        -1.630884819         2.809132263        -0.000701266
        -0.303371101         6.451197325        26.481333894

ATOMIC_POSITIONS (angstrom)
   Mo         0.449545685         2.098450426         3.378159626
   Mo        -0.533787971         5.371749012        16.584977422
   Mo         3.830845418         2.397353088         3.487218236
   Mo         2.918459363         5.424251109        16.998477371
   Mo         1.369489581         3.906004000         9.754793844
   Mo         1.220611656         7.070591240        23.220810430
   Mo         4.516887397         3.892206014         9.639694016
   Mo         4.626200269         7.249468512        23.011418057
    S         2.095015802         3.193825040         5.079248083
    S         1.074247988         6.236639954        18.472690601
    S         5.438519595         3.291281764         5.117707137
    S         4.640831523         6.472255561        18.336652028
    S        -0.342682855         4.782385771        11.324432818
    S        -0.415979464         8.017310749        24.838852962
    S         3.019927139         4.857561427        11.353301687
    S         2.990196659         8.117614446        24.671063610
    S         2.163599373         1.314108483         1.781812299
    S         1.358268768         4.570636871        15.134647592
    S         5.330923950         1.363129708         1.784399494
    S         4.337667919         4.396792418        15.252592263
    S        -0.314896244         2.932719242         8.001380053
    S        -0.288406256         6.217705442        21.345603196
    S         2.922818967         2.943290144         8.058638550
    S         2.890973483         6.180247219        21.569768129
