CELL_PARAMETERS (angstrom)
         6.504670222         0.008076659         0.081935963
        -3.253470435         5.652257629        -0.144704073
        -0.316990009        -0.933142770        28.342114428

ATOMIC_POSITIONS (angstrom)
   Mo         1.621807838         0.867614296         0.046311846
   Mo        -0.023966963         3.671210550        -0.017418669
   Mo         4.870391505         0.818402322         0.074713736
   Mo         3.254651912         3.698058945         0.128826239
   Mo        -0.183727113         1.274199912        21.891505062
   Mo        -1.845908085         4.118492716        21.737941992
   Mo         3.063448354         1.318520486        21.921363966
   Mo         1.380999195         4.132853240        21.800948173
   Mo        -0.107413684         1.642941200         6.284953943
   Mo        -1.748442609         4.500148930         6.342752873
   Mo         3.186396500         1.637210793         6.398220736
   Mo         1.507095269         4.435600744         6.313769174
    S        -0.044878103         1.834509990         1.541229543
    S        -1.615746412         4.744593994         1.580295106
    S         3.202862606         1.828844976         1.666705786
    S         1.523032657         4.714268367         1.602593844
    S         1.434195366         0.325927148        23.481999006
    S        -0.300773502         3.192801848        23.371024409
    S         4.644276053         0.312258167        23.547806891
    S         2.993321005         3.236346313        23.393997865
    S         1.491582346         0.807947849         7.963388112
    S        -0.098090873         3.506700823         7.887740862
    S         4.838525549         0.684227970         7.948016768
    S         3.154371516         3.508116165         7.994472325
    S        -0.304628438         0.763572194        26.720342614
    S        -1.979244287         3.638600017        26.768840258
    S         2.977081430         0.789661599        26.814988144
    S         1.377664122         3.521445937        26.797396220
    S         1.493343888         0.370575243        20.330884436
    S        -0.175119822         3.112335444        20.222186132
    S         4.712527792         0.412628642        20.394574184
    S         3.027985087         3.192763331        20.241677468
    S         1.587311012         0.673548021         4.827456597
    S        -0.210237198         3.545351605         4.738159307
    S         4.762119878         0.626829206         4.802227398
    S         3.173102106         3.524420532         4.841633451
