CELL_PARAMETERS (angstrom)
         7.258247722        -0.078640901        -0.100904117
        -3.295832410         6.173640710        -0.014795301
        -1.691979828        -1.417000962        12.338312314

ATOMIC_POSITIONS (angstrom)
   Mo         0.270564679         1.685081828         4.013770771
   Mo        -1.179964720         4.571219708         2.648260325
   Mo         4.053796213         1.433811627         2.613656035
   Mo         2.315444984         4.461361408         3.426773022
   Mo        -0.351283049        -0.372570253         8.852123523
   Mo        -1.638528085         2.818224227         8.754912593
   Mo         3.124549304        -0.252787220         9.267208440
   Mo         1.493443233         2.721915894         9.395846941
    S         0.485564411        -0.822962499         4.313172867
    S         0.142157886         4.042398698         4.624786538
    S         5.351820287         0.526723991         4.483641789
    S         2.743635363         2.333852382         4.571659038
    S        -2.064805606         0.784900064        10.229726848
    S        -3.779812750         3.902106487        10.399836616
    S         1.375658380         0.677157104        10.703959536
    S        -0.363413093         3.786801549        10.568859108
    S         1.744786430         0.850288297         2.180143562
    S         0.891281130         5.362601477         1.528369417
    S         6.340236000         2.190247411         1.856650725
    S         3.823783591         3.653435288         1.522302002
    S         0.117513955         1.726454980         7.510996667
    S        -1.686380201         4.944100994         7.559053412
    S         3.427499686         1.830484713         7.944415723
    S         1.666611623         4.743260217         7.722966746
