CELL_PARAMETERS (angstrom)
         5.613578057         0.690824740         0.353629037
        -1.026276939         7.224836709         0.577205904
        -0.893282922        -0.662893341         8.959427923

ATOMIC_POSITIONS (angstrom)
   Mo         2.554688258         3.983215397        -0.011582519
   Mo         0.808695824         3.328865352         6.295555938
   Mo        -1.134500117         2.977784290         8.332524901
   Mo         0.055018222         1.215424664         2.422850900
   Mo        -0.551094916         5.652055085         2.737505190
    S         3.099562817         3.584726154         6.742608848
    S         0.834407716         7.355338732         2.036853907
    S         0.421648995         5.048721692         4.683437205
    S         0.654220167         1.406807845         7.792845621
    S         0.840887507         3.652298321         1.656028262
    S         0.759594634         1.724390185         4.514643488
    S         4.210962142         2.413364948         0.950019667
    S         0.195920946         5.008553262         7.939683754
    S         3.180500672         7.402888868         3.924801781
    S         3.817577494         5.760903377         1.126477706
