CELL_PARAMETERS (angstrom)
         7.016525656         0.040791774        -0.025124868
        -3.881791692         5.832243297         0.027747513
        -0.913814867         0.181065397        23.212604150

ATOMIC_POSITIONS (angstrom)
   Mo         2.345066313         0.539974271         4.019654564
   Mo         0.430622073         3.850517672         3.392931802
   Mo         5.708343335         0.536574107         3.412558097
   Mo         3.972733505         3.654882306         3.933332633
   Mo        -1.726515388         2.434845590        19.735192568
   Mo        -3.728764361         5.363340359        19.329086198
   Mo         1.823033915         2.494997574        19.367879630
   Mo        -0.108200024         5.425725545        19.711646453
    S        -1.246498111         2.597275810         5.094266302
    S        -3.471264895         5.614955453         5.334852086
    S         2.028061178         2.723767825         5.191554375
    S         0.305193169         5.504167468         5.264865190
    S         0.191434756         1.421481187        20.948694710
    S        -1.789609473         4.401247939        21.154387229
    S         3.633324593         1.499856235        21.191416271
    S         1.792357043         4.402616179        20.974291107
    S         0.551599891         1.639222180         2.164474706
    S        -1.500694645         4.637288878         2.252684108
    S         3.928024238         1.622419195         2.317791027
    S         2.260530782         4.499147378         1.962041869
    S         2.100782388         0.423583115        17.940627197
    S         0.042861405         3.402516560        18.054009548
    S         5.467988131         0.544721944        17.950568602
    S         3.686234798         3.348992249        17.927359785
