CELL_PARAMETERS (angstrom)
         6.948619306         0.041282814         0.002384830
        -1.654558899         2.929418120         0.002593872
        -2.947313347         1.470367528        26.825670837

ATOMIC_POSITIONS (angstrom)
   Mo         0.264545251         1.836773992         9.805753028
   Mo        -3.117517484         2.141722310        23.692280788
   Mo         3.724767797         1.570933288         9.424424314
   Mo         0.577118752         2.470703991        24.044028498
   Mo        -0.561780965        -0.898816324         3.646447325
   Mo        -2.652554365        -0.215656146        16.905579433
   Mo         2.821142739        -0.868538192         3.334687322
   Mo         0.915127381        -0.111916789        16.381793056
    S         2.162879738         2.686823426        11.064020569
    S        -1.217597992         3.369446970        25.519601700
    S         5.488064602         2.748640007        11.312363122
    S         2.404081548         3.299962309        25.432686050
    S        -0.515673699         1.037942570         1.970520810
    S        -2.572887157         1.768228223        15.257444820
    S         3.047209506         1.169446181         1.892188463
    S         1.076387840         1.926924927        14.976008008
    S        -0.413044147         3.071198468         4.985622054
    S        -2.448654454         3.799132326        18.024046129
    S         2.978320162         3.015786098         5.113028774
    S         0.839841564         3.665087735        18.313000229
    S         1.944553682         0.661431814         8.110319105
    S        -1.158412037         1.341828016        22.395277512
    S         5.670344872         0.783208209         8.094180730
    S         2.090764088         1.330562087        22.275637738
