CELL_PARAMETERS (angstrom)
         7.102479479         0.009060753         0.060289764
        -1.721502635         3.067910058        -0.034185507
        -3.833302968        -7.089548186        25.180329313

ATOMIC_POSITIONS (angstrom)
   Mo        -0.530650285        -2.176498285         9.166128062
   Mo        -4.289132857        -6.897593562        22.546207706
   Mo         3.303766249        -2.142668937         9.252254242
   Mo        -0.377020659        -6.745918048        22.002178375
   Mo        -1.100753736        -0.361472194         3.536890367
   Mo        -2.905261505        -3.946072044        15.787909192
   Mo         2.676400047        -0.541083978         3.217851053
   Mo         0.771910712        -3.879065689        15.493884304
    S         1.468224629        -3.132967126        10.581666275
    S        -2.286053747        -5.783537048        23.434913196
    S         5.015461638        -3.018067875        10.814455660
    S         1.019146404        -5.872886269        23.924597417
    S        -0.814353442         1.518419093         1.927771331
    S        -2.142888023        -2.358561199        14.072710298
    S         2.854265471         1.557117951         1.881111749
    S         1.398719421        -2.082751618        13.988502408
    S         0.935234610         0.452532954         4.707041941
    S        -4.614342866        -2.952860263        17.018057418
    S         4.299967452         0.594299252         4.940852378
    S        -0.841166181        -2.890413815        16.963431526
    S         1.529857593        -1.024320657         7.767862695
    S        -0.260128082        -4.657610815        20.651894716
    S         5.004790804        -1.046956754         7.698299489
    S         3.007486308        -4.734972295        21.119294734
