CELL_PARAMETERS (angstrom)
         6.530596983        -0.037130288         0.035796947
        -3.262898143         5.647210062        -0.104483139
        -0.544920686        -0.793525524        19.507140370

ATOMIC_POSITIONS (angstrom)
   Mo         1.592637763         0.856476164         6.410666140
   Mo        -0.075843117         3.629455654         6.389218845
   Mo         4.797209844         0.846272276         6.471052096
   Mo         3.177882656         3.686338453         6.535131724
   Mo        -0.335169796         1.266158515        12.974158323
   Mo        -1.966853601         4.037997337        12.840609162
   Mo         2.912810898         1.242231327        13.022406623
   Mo         1.303683942         4.043859859        12.871985808
   Mo        -0.680253039        -0.888529653        19.491547030
   Mo        -2.296074529         1.940457252        19.567678550
   Mo         2.569034441        -0.896823935        19.631779164
   Mo         0.980149117         1.926996220        19.455991673
    S        -0.074500421         1.745517161         1.537015984
    S        -1.859939914         4.649058316         1.607556791
    S         3.040735928         1.819882016         1.685756544
    S         1.527400566         4.569165061         1.508178672
    S        -0.076089132        -0.020492846         4.891328341
    S        -1.818395012         2.813194481         4.892774060
    S         3.240022918        -0.101504331         4.805566937
    S         1.657503596         2.825519693         4.880634102
    S        -0.093267173         0.007107430         8.076764350
    S        -1.693905877         2.690296039         8.064909883
    S         3.163799798        -0.156846965         7.985817984
    S         1.511523289         2.624856469         8.047257883
    S         1.212589474         0.223705582        11.370716994
    S        -0.350375890         3.007280279        11.263672142
    S         4.521134080         0.243207508        11.450465804
    S         2.884201113         2.937843467        11.315774871
    S         1.301718800         0.350001785        14.590077401
    S        -0.310196811         3.232781082        14.466663253
    S         4.592134836         0.517986140        14.687454791
    S         2.943917341         3.269899318        14.516135037
    S        -0.646497588         1.021869389        17.865016853
    S        -2.245727818         3.765026193        17.947935964
    S         2.698236173         0.930798862        18.026013498
    S         0.919537331         3.834890328        17.840295826
