CELL_PARAMETERS (angstrom)
         6.144180220        -0.235399518         0.417271951
         1.860973018         5.965856193         0.481389490
         2.396099229         0.313538665        14.225453531

ATOMIC_POSITIONS (angstrom)
   Mo         4.629992134         4.142934355         6.426785510
   Mo         7.113250341         1.936876565         1.347208443
   Mo         7.319241012         5.381932395         9.422659192
   Mo         8.030887816         6.222939616        13.769411486
   Mo         4.881936042         1.586512285        10.934114618
   Mo         7.343167762         3.938903115        12.027543301
   Mo         4.576286991         1.550507418         5.129102347
   Mo         2.977583923         5.606117031         3.155451925
    S         4.475783696         6.127289631         5.059624515
    S         3.280344229         3.471804815         4.622289653
    S         9.034039344         2.594275265        11.560662771
    S         8.714419279         5.947153244        11.310297574
    S         5.811973266         5.759880132        12.781691285
    S         6.102393265         3.543948593         9.977123302
    S         1.918120204         4.040693703         1.926366853
    S         5.743664184         1.217399627         3.180375844
    S         8.195083602         0.852810336        14.148068035
    S         4.792404596        -0.545915659         6.440670515
    S         8.012109276         3.946950747        14.446192807
    S         3.215792274         4.527000051         8.098257261
    S         2.659211345         0.511445405         1.216576176
    S         6.052417001         2.300601002         6.759386654
    S         5.369922673         2.601642152        13.122009995
    S         3.795828336         1.003994483         8.933885588
