CELL_PARAMETERS (angstrom)
        19.077765396         0.000595073        -0.009667166
         0.002000864        20.448065767        -0.012400934
         0.043165335         0.563722882        20.617472703

ATOMIC_POSITIONS (angstrom)
   Mo         6.884431995        13.244929354         9.543407726
   Mo        11.342305556         9.735924447        11.990103878
   Mo         7.197096849        11.432774745        13.071517865
   Mo         7.946331785         7.809487880        11.953526526
   Mo         9.968901333        13.062178423        10.697356426
   Mo        12.331542202         9.511905792         9.037062442
   Mo        10.057132559        12.253962999        13.628777250
   Mo         9.199243758         9.540170478         8.450614571
   Mo         7.915963776        12.040326381         6.926020127
   Mo        11.958291795        13.033312406         7.094577854
    S         6.058293189        13.505081402         7.301633939
    S        13.352510618         8.808486911        11.066577725
    S         8.578410697        11.835252866         9.031333259
    S        10.799637622        10.827523170         9.922802569
    S         8.325116293        14.820925509        10.324941731
    S        13.194970656        14.321604778         5.897756447
    S         7.923342220         9.746297519         6.479837687
    S         9.114155859        11.113861385        11.932093846
    S         7.228591969         5.809401637        12.278612132
    S        11.072576374        14.020466635        12.501269526
    S        11.786020683        10.725780508        14.135801853
    S         6.591202689         9.210277895        13.322220206
    S        11.559256260        14.059510477         9.069790641
    S         5.729336134        12.286925116        11.385899726
    S        13.239236898        11.064126780         7.523059216
    S        10.214480668         7.767562072        12.517515883
    S         9.895905299        12.876503622         5.965619465
    S         7.676447404         8.285884930         9.713261194
    S        10.907925331         8.103597866         7.825282645
    S         7.990672118        12.544361192        14.956909805
