CELL_PARAMETERS (angstrom)
        19.713175859        -0.022552678         0.004792254
        -0.022171335        20.571731874         0.008744940
         0.058238265         0.581535131        23.542973545

ATOMIC_POSITIONS (angstrom)
   Mo        10.237197501         8.033455303         7.755472869
   Mo         7.747975490        13.497345678        10.740796736
   Mo        11.853861244         8.328649119        11.124150340
   Mo         9.360778223        11.213260822         9.536138815
   Mo        10.035730832         8.677834561        14.912548521
   Mo        12.783982921         7.675055385        13.947216451
   Mo         7.284885490         9.844616785        15.683105432
   Mo         7.403426999        11.722285618        13.235485947
    S        13.725176719         5.851204948        14.597396519
    S         5.591627215        10.665282507        14.186270484
    S         6.781213743        10.504571448        17.668337711
    S         8.214143250         7.635508372        15.856465071
    S         7.712993585        13.998642615        13.101775342
    S        11.147132700        10.484870605        10.778893707
    S        13.966484739         8.488947690        12.029494277
    S        12.103224954         8.926177956        15.895794335
    S        11.450643402         6.878140761         9.367310163
    S        10.623076989         7.529614912        12.977121398
    S         9.647547424        13.485897133         9.281207545
    S         6.164757015        14.593979097         9.781773934
    S        10.664916743         7.320928096         5.789165622
    S         8.845166383         9.895338881         7.706398174
    S         7.492594081        11.149187216        10.982379612
    S         9.117464112        10.765304471        14.474456692
