CELL_PARAMETERS (angstrom)
         6.657225824        -0.022834983        -0.293232036
        -3.345583499         5.743536846         0.086526234
        -1.030363361        -1.053446371        13.475720593

ATOMIC_POSITIONS (angstrom)
   Mo        -0.435367452        -0.424980515         9.599617422
   Mo        -2.048574512         2.147669586        10.097037314
   Mo         2.717322489        -0.514497042        10.092173204
   Mo         1.080763648         2.017998886        10.340496710
   Mo        -0.556380684        -0.100100148         3.504619891
   Mo        -2.091898612         2.770015985         3.381613938
   Mo         2.699552091        -0.141056666         3.177331889
   Mo         1.179127071         2.653978490         3.150853968
    S         0.841761645        -0.182945784        11.574118472
    S        -0.717902662         2.522667940        12.055964950
    S         4.777426548        -1.126648421        11.294273127
    S         3.040848703         1.618901185        11.828460884
    S        -0.505008774         1.545941248         1.736681071
    S        -2.498590622         4.716875278         1.786287659
    S         2.881515287         1.674576619         1.481666907
    S         0.707296408         4.494298476         1.440816511
    S        -0.461665279         1.938123221         4.960344027
    S        -2.115406808         4.604360219         5.119752663
    S         2.857403958         1.848833942         4.713056935
    S         1.098709359         4.498672699         4.820914150
    S         1.397649580         0.603447709         8.336310956
    S        -0.356790208         3.156311691         8.662435362
    S         4.337839969         0.398887360         8.083423611
    S         2.784480801         3.092408554         8.513666507
