CELL_PARAMETERS (angstrom)
         6.588117367         0.091711294         0.050673318
        -1.659941757         2.797700465         0.001497476
        -0.001917342         7.800323456        25.891071664

ATOMIC_POSITIONS (angstrom)
   Mo         0.889064012         2.423940827         3.273782407
   Mo        -0.511840059         6.198422358        16.329687302
   Mo         3.735519418         2.528194098         3.486561343
   Mo         3.093558236         6.371359563        16.585638529
   Mo         1.342825111         4.296564093         9.493684978
   Mo         1.505083849         8.123609926        22.620685202
   Mo         4.607743988         4.393182493         9.343393928
   Mo         4.831633875         8.377427021        22.543157140
    S         2.189794925         3.372012538         5.103425231
    S         1.203071370         7.062569532        18.115323465
    S         5.582421120         3.435276138         4.933168467
    S         4.846335700         7.298702823        18.027832832
    S        -0.297618708         5.232628155        11.120901213
    S        -0.162929589         9.164171822        24.272035207
    S         3.053805151         5.315293951        11.079399960
    S         3.225153434         9.255637698        24.210935043
    S         2.395177600         1.379252385         1.597534356
    S         1.512823921         5.352077010        14.878978321
    S         5.627334056         1.606457241         1.934543173
    S         4.415335143         5.203327959        14.938037072
    S        -0.296073084         3.428234493         7.651560639
    S        -0.085815604         7.424573335        20.860071338
    S         2.959454566         3.454972122         7.824085189
    S         3.201146025         7.342555793        21.031335779
