CELL_PARAMETERS (angstrom)
         5.675020925        -0.029060689         0.026839452
         0.067315502         7.359771694        -0.046055287
        -0.511214312         0.026950214         8.991938171

ATOMIC_POSITIONS (angstrom)
   Mo         3.127287129         3.628547222        -0.572556369
   Mo         1.646583756         3.668164852         5.825140050
   Mo        -0.215903965         3.676210207         7.967003288
   Mo         0.376241380         1.396453063         2.175998498
   Mo         0.413824092         5.921561473         2.158764380
    S         3.968689823         3.662911644         6.133840413
    S         1.999102476         7.313910607         1.219358963
    S         1.324028830         5.347270248         4.145782589
    S         1.311172216         1.850146495         7.412396623
    S         1.478548631         3.644033843         1.214261479
    S         1.297449727         1.986566238         4.155811749
    S         4.641540368         1.919158428         0.357532114
    S         1.334777014         5.483362107         7.415118638
    S         4.441755248         7.336166133         2.970033802
    S         4.654280654         5.320325732         0.368380553
