CELL_PARAMETERS (angstrom)
         6.945619033        -0.046837980         0.064997660
        -3.542873949         6.206188986         0.007319734
        -2.392775139        -0.909256940        19.080479102

ATOMIC_POSITIONS (angstrom)
   Mo         1.292894065         1.326101581         6.117937427
   Mo        -0.379903867         4.361183230         6.222437710
   Mo         4.600824206         1.238269556         6.371269367
   Mo         2.881703399         3.954591787         7.009102266
   Mo        -1.583111972         0.571811436        12.944182211
   Mo        -3.278561164         3.748498536        12.453576138
   Mo         1.906738549         0.723406015        13.014222497
   Mo         0.198677110         3.761285923        12.273429749
   Mo        -2.601208772        -1.253361556        18.841127116
   Mo        -4.881324024         2.217424457        19.744978823
   Mo         0.413844959        -0.907311189        19.736140754
   Mo        -0.940564180         1.843103524        18.893686483
    S        -0.593183620         1.849187911         0.987220815
    S        -2.614755514         5.279743004         1.852208062
    S         2.577343230         2.114919040         1.881214733
    S         1.121599160         4.899101029         1.106855238
    S        -0.524196270         1.292954784         4.599072874
    S        -2.397317883         3.683137040         5.145028905
    S         3.084910857         0.279324041         4.713478985
    S         1.583512814         3.552789147         4.957418836
    S        -0.621947538         0.036178835         7.517446289
    S        -2.500574029         2.802023848         8.180139109
    S         2.753304741        -0.074671988         7.755168787
    S         0.921116703         2.973413670         7.876987624
    S         0.211424673        -0.332335387        11.396214705
    S        -1.547650121         2.504307637        11.245732803
    S         3.649788540        -0.272354878        11.368439395
    S         1.969844306         2.518244781        11.242516344
    S         0.112300824         1.919319993        14.078804332
    S        -1.501011667         4.737521539        13.956529445
    S         3.675253632         1.837012062        14.236692366
    S         1.833186710         4.612932582        14.023552986
    S        -1.983964705         0.417542132        17.194183758
    S        -4.121987523         3.858531402        18.020208293
    S         1.060048885         0.799145555        18.042562198
    S        -0.317060642         3.554474360        17.258558552
