CELL_PARAMETERS (angstrom)
         7.079472514         0.057956545         0.031455644
        -1.735588376         2.966695765        -0.015981223
        -0.413270923         6.423664134        24.933825829

ATOMIC_POSITIONS (angstrom)
   Mo         0.601574449         3.287389605         9.335226245
   Mo        -0.671383382         6.185199204        21.701770537
   Mo         3.682158524         3.183604449         8.973211197
   Mo         2.999974696         6.543297198        22.236141611
   Mo        -0.150555049         0.044837011         3.354893812
   Mo        -0.279702302         3.224776133        15.666763991
   Mo         3.406514935         0.071875727         3.103539121
   Mo         2.754620892         3.265157728        15.503356411
    S         2.214250648         4.304530363        10.710876241
    S         1.263166326         7.449714084        23.674662329
    S         5.628732930         4.142240196        10.540581240
    S         5.023840363         7.521706608        23.326885024
    S        -0.080530509         1.979427352         1.697338898
    S        -0.589038951         5.076123047        13.981581807
    S         3.520129801         2.059116158         1.609584400
    S         2.946796849         5.250901809        14.019041840
    S        -0.018656244         3.942210192         4.710421356
    S        -0.432739392         7.153371452        17.247344994
    S         3.444473836         3.967274146         4.831687911
    S         2.999021895         7.064863136        17.000221829
    S         2.020321594         2.135653392         7.596088580
    S         1.452740025         5.538982355        20.581264625
    S         5.458837318         2.234534685         7.532958932
    S         4.657973864         5.259033865        20.464936856
