CELL_PARAMETERS (angstrom)
         6.428396684         0.001964447         0.058285037
        -3.214038291         5.566302597        -0.107405296
        -0.184687936        -0.597995130        28.555512892

ATOMIC_POSITIONS (angstrom)
   Mo         1.607848454         0.877942673         0.044558764
   Mo        -0.015502140         3.641338635        -0.013798098
   Mo         4.814820801         0.849253145         0.072043138
   Mo         3.215150948         3.653087980         0.040014735
   Mo        -0.106843373         1.465054796        22.077838605
   Mo        -1.728553337         4.258539845        22.002298677
   Mo         3.105354457         1.495414780        22.101792683
   Mo         1.468129640         4.265769007        22.037568098
   Mo        -0.065798560         1.697442559         6.369533422
   Mo        -1.678596044         4.506057806         6.352830728
   Mo         3.175228694         1.696143194         6.420917387
   Mo         1.539089074         4.456553173         6.367827791
    S        -0.023721599         1.799726298         1.594951285
    S        -1.610681871         4.618714275         1.546368678
    S         3.210085329         1.797530291         1.638996811
    S         1.571128823         4.586745774         1.580638940
    S         1.500022036         0.546153142        23.681880465
    S        -0.145299530         3.347989858        23.623980848
    S         4.694170450         0.560630879        23.712152525
    S         3.073319075         3.374620454        23.650258212
    S         1.532707613         0.829197110         8.000760607
    S        -0.084039062         3.548340971         7.948327395
    S         4.774774851         0.765838607         8.021638430
    S         3.135268979         3.562931659         7.992060686
    S        -0.183709238         1.167554154        26.984230490
    S        -1.801138542         3.966456791        26.939866012
    S         3.042697662         1.200748525        27.029629645
    S         1.435865472         3.937755896        26.965869102
    S         1.518359691         0.547925886        20.509902310
    S        -0.118311152         3.289994025        20.451286986
    S         4.720440225         0.547384742        20.543058894
    S         3.086729662         3.321496794        20.480172285
    S         1.574368489         0.760278305         4.831881382
    S        -0.086133286         3.556823354         4.779847246
    S         4.767190059         0.724764676         4.852336376
    S         3.180363173         3.540629998         4.820991951
