CELL_PARAMETERS (angstrom)
         6.424594241         0.009055841         0.141471631
        -3.201893874         5.574777678        -0.244699882
        -0.395676484        -1.487754182        28.451932611

ATOMIC_POSITIONS (angstrom)
   Mo         1.607265447         0.815752177         0.085570277
   Mo        -0.027999048         3.566981217        -0.024270774
   Mo         4.802625720         0.746243782         0.146731243
   Mo         3.221536046         3.583889962         0.108715903
   Mo        -0.218882896         0.865797346        21.882280423
   Mo        -1.849135335         3.678172147        21.738313575
   Mo         2.986810489         0.950328587        21.941063924
   Mo         1.312337517         3.709843379        21.810067352
   Mo        -0.136272760         1.483049181         6.338725106
   Mo        -1.771247027         4.324607151         6.264439613
   Mo         3.132053384         1.475032738         6.431532800
   Mo         1.460968112         4.211343373         6.322803560
    S        -0.055874815         1.699815050         1.578025842
    S        -1.573313350         4.634829164         1.541149967
    S         3.202506065         1.697460084         1.704882859
    S         1.524500799         4.581715389         1.623882267
    S         1.390726471        -0.079493793        23.529447177
    S        -0.293865726         2.795651552        23.394111818
    S         4.565814424        -0.028349682        23.599258110
    S         2.933644852         2.839987096        23.451120282
    S         1.441455352         0.643387869         8.010398648
    S        -0.151586624         3.291455434         7.900908211
    S         4.732493410         0.526435314         8.064838070
    S         3.025673287         3.318979116         7.999786856
    S        -0.396840250         0.180847768        26.850565275
    S        -2.068286313         2.986648562        26.829022378
    S         2.836909054         0.167495021        26.928021949
    S         1.275890261         2.928642151        26.863256400
    S         1.407694564         0.002882192        20.347912741
    S        -0.273671030         2.663493129        20.212896023
    S         4.603088814        -0.016336264        20.429319811
    S         2.926696201         2.736978148        20.271924270
    S         1.526727782         0.524235987         4.848887406
    S        -0.176479129         3.383941951         4.724812820
    S         4.700343498         0.487514312         4.894997150
    S         3.156766965         3.318746988         4.816932158
