CELL_PARAMETERS (angstrom)
         6.291013809         0.287907943         0.436809128
        -0.373461837         6.852851692         0.772433301
        -2.469356759        -1.517693829         7.856720919

ATOMIC_POSITIONS (angstrom)
   Mo         1.801091754         2.034454066         1.334151137
   Mo         1.018842552         2.880590271         5.504736368
   Mo        -1.403190805         2.349955388         6.990946874
   Mo        -1.092601713         0.869747897         1.934439221
   Mo         0.838776403         6.131371438         2.894601150
    S         3.021025631         2.000826684         6.358722479
    S        -0.073108593         7.418621062         0.872452585
    S         1.982001388         4.730201768         4.467100952
    S         0.192267284         0.771736063         6.744272327
    S         0.773341425         4.274698717         1.398988254
    S         0.674612689         1.809244145         3.455938638
    S         3.325971059         0.094996504         1.340575941
    S        -0.417580998         4.371722843         6.553527830
    S         5.070338780         6.078330178         4.454654544
    S         3.887952910         3.087909154         2.314303074
