CELL_PARAMETERS (angstrom)
         7.265994829         0.832726679         0.438519712
        -0.699083991         5.596680944         0.463169336
        -0.375434226        -1.242068234         8.933428821

ATOMIC_POSITIONS (angstrom)
   Mo         2.948418681         1.680458541         9.863201727
   Mo         3.079797268         3.680213015         3.585164890
   Mo         2.954770334         5.689265824         1.588335064
   Mo         4.976961040         4.866789028         7.462699967
   Mo         1.216718011        -1.242732332         6.735248180
    S         3.382520231         1.412465263         3.100709561
    S        -0.747628934         2.556940825         7.906639886
    S         1.303840085         3.677238955         5.188976069
    S         4.921028106         4.336800674         2.134039080
    S         2.826734064         3.460654905         8.203946106
    S         4.617754047         4.062151984         5.382311099
    S         4.861562348         0.471567713         8.896418297
    S         1.314253956         3.903975230         1.921044733
    S        -0.339795769         0.312462112         5.981399423
    S         1.857970744         1.301885193        -0.211491232
