CELL_PARAMETERS (angstrom)
         6.987432648         0.036686913        -0.041824278
        -3.340112147         6.078279687        -0.039706750
         1.938601348        -0.699278504        24.052355645

ATOMIC_POSITIONS (angstrom)
   Mo         2.442169881         0.822714158        -0.126314734
   Mo         0.317119626         3.437681987        -0.017519461
   Mo         5.683469843         0.840334578        -0.182040072
   Mo         3.816188926         3.659997166         0.313779125
   Mo         1.260354431         2.208502897        18.213429683
   Mo        -0.858499282         4.809475275        17.771750252
   Mo         4.311826854         1.980892807        18.082974648
   Mo         3.064660729         5.366458984        17.688786647
   Mo        -0.064503928         1.612015322         5.565249531
   Mo        -1.651012303         5.201332416         5.982109001
   Mo         3.475779369         2.329036365         6.260305025
   Mo         1.533778219         4.790511536         5.773490291
    S         0.607242116         1.495821289         1.432625881
    S        -1.221839855         4.654476657         1.574386040
    S         4.118947588         1.557998206         1.594568647
    S         2.089385776         4.680700344         1.572178150
    S         2.739646172         0.993041550        19.743823258
    S         1.023878174         4.293133735        19.435328382
    S         6.285341503         1.161717516        19.434202986
    S         4.439738993         4.162522627        19.373346311
    S         3.600063731         0.089478707         7.391910443
    S         1.700073484         3.142414403         7.601190538
    S         6.895000434         0.207225083         7.387267993
    S         5.568934346         3.002159335         7.281414667
    S         0.492953644         2.081323981        22.589978657
    S        -0.866326960         4.869410780        22.776815996
    S         4.219276569         2.060572917        22.580778869
    S         2.618812122         4.908363066        22.521201779
    S         4.293365721        -0.005283425        16.537402509
    S         2.760691259         3.218210139        16.566781926
    S         8.116446405         0.348032494        16.384769165
    S         6.301171764         2.862445203        16.473443746
    S         2.006350548         0.949239895         4.431878046
    S        -0.217210850         3.857145239         4.415840166
    S         5.041569182         0.873560589         4.367957655
    S         3.607822871         4.042964594         4.590310608
