CELL_PARAMETERS (angstrom)
         6.977460889        -0.027753030        -0.028798775
        -3.407041887         6.067177801         0.015666223
         2.956595118        -3.491656760        25.346828732

ATOMIC_POSITIONS (angstrom)
   Mo         2.201777646         0.628891711         0.328005013
   Mo         0.419542140         3.175480371         0.476280141
   Mo         5.397209712         0.472546544         0.085291790
   Mo         4.265366246         3.082640661         0.241607731
   Mo         1.558694079         0.789750379        18.354824739
   Mo         0.014794583         3.695123802        18.315645061
   Mo         5.181234631         0.970492732        18.642024567
   Mo         3.733591469         3.480217709        18.280965391
   Mo         0.171434661         1.229182544         6.590692793
   Mo        -1.459946386         3.755227949         6.870247668
   Mo         3.738094934         0.752064470         6.551159608
   Mo         1.989163977         3.762674635         6.637207757
    S         0.740729785         1.472562829         2.135776436
    S        -1.165329126         4.456643331         1.835291795
    S         4.118266720         1.366880985         1.931888336
    S         2.402043200         4.428658245         1.548234391
    S         3.429464109        -0.315798647        19.893654518
    S         1.790392952         2.728915620        19.820084434
    S         6.912305506        -0.438542747        19.873453682
    S         5.246974792         2.832046649        20.112449282
    S         3.567005621        -1.173692460         8.240526950
    S         1.959731332         1.843292625         8.202786224
    S         7.072514514        -1.239820480         8.113897990
    S         5.351906056         1.749003295         8.197180957
    S         1.970646375        -1.131669180        23.987619975
    S         0.044261755         2.051113154        24.254903392
    S         5.295908721        -1.020617393        24.206442192
    S         3.400141700         1.851452389        24.088812877
    S         5.242336572        -1.382400505        16.968796844
    S         3.468576242         1.546150319        16.818386601
    S         8.693749269        -1.309413101        16.750876805
    S         6.820366103         1.689494328        16.843324538
    S         1.814233491        -0.176480722         5.233774396
    S         0.165551270         2.980628560         5.044830519
    S         5.487983868        -0.190459400         5.088153143
    S         3.707325157         2.825030843         5.100062194
