CELL_PARAMETERS (angstrom)
         5.617515595        -0.012014146         0.014386553
        -0.171761212         8.872953821         0.070184320
        -0.001032505        -2.256443681         9.800704085

ATOMIC_POSITIONS (angstrom)
   Mo         0.176251285         3.750595271         5.677112619
   Mo         0.093330828         3.196257513         8.560834087
   Mo         0.222855294         0.947005067         6.538345465
   Mo         0.134627663         7.970997014         1.602179662
   Mo         0.204918739         1.330189897         3.590685993
   Mo         0.100574808         7.400386453         4.481025028
   Mo         2.992109755         2.289475400         0.170569486
   Mo         3.033379327         4.552432772         2.228421078
   Mo         2.822513899         6.602486495         7.934842273
    S         1.890760847         0.203043384         4.937721744
    S         4.496937541         5.242088131         4.134132247
    S         1.393152939         4.105903810         0.527702336
    S         4.203221243        -0.400380365         3.106910691
    S         1.638306557         3.372090730         3.791103357
    S         1.415567369         5.883080703         6.005844062
    S         1.394475037         5.134042855         9.320264356
    S         4.505059880         2.757467320         2.006218289
    S         4.375459805         1.306679284         8.474867128
    S         4.272235054         4.580478330         7.370879944
    S         4.432871398        -1.119191107         6.336776409
    S         4.411876025         6.025435946         0.835214232
    S         1.841000205         2.662733320         7.049712192
    S         1.597774577         6.573371763         2.780761610
    S         4.491644312        -1.864692183         9.664047638
    S         4.167365788         2.061436066         5.208761775
    S         1.626847903         0.969424968         1.655492065
    S         1.455381947        -0.523094914         8.153575216
