CELL_PARAMETERS (angstrom)
         5.601981413         0.761598153         0.412559585
        -1.070262204         7.239189002         0.528653203
        -1.041884584        -0.767515820         8.933504708

ATOMIC_POSITIONS (angstrom)
   Mo         2.546220359         3.995700097        -0.009791141
   Mo         0.688803078         3.294761433         6.275441129
   Mo        -1.271550334         2.877251703         8.286880586
   Mo         0.009317694         1.187164516         2.377981325
   Mo        -0.635033345         5.633462927         2.696242100
    S         2.960710273         3.587429738         6.744187626
    S         0.761421949         7.334130916         1.998743370
    S         0.242456116         5.038464013         4.692823151
    S         0.534985901         1.333049703         7.712430409
    S         0.808097380         3.636346036         1.661560702
    S         0.705009993         1.727093790         4.460945321
    S         4.221721590         2.439854311         0.911904907
    S         0.025183954         4.923343364         7.959687316
    S         3.067199346         7.481495743         3.895185365
    S         2.708328643         5.040834308        10.072121455
