CELL_PARAMETERS (angstrom)
         5.886244454        -0.012903683         0.000515137
        -0.295319899         8.971421147         0.012581179
        -0.443214495        -1.947287404         9.561034270

ATOMIC_POSITIONS (angstrom)
   Mo         5.565085004         3.949568058         5.537944678
   Mo        -0.343762858         3.581587634         8.339589241
   Mo        -0.337658794         1.238568312         6.277198371
   Mo        -0.178564877         8.321795759         1.388875716
   Mo         5.568337321         1.745570711         3.444655977
   Mo        -0.190438255        -1.012078571         4.210593483
   Mo         4.366457016         1.513872840         0.540643964
   Mo         2.760848013         5.144943664         2.315890626
   Mo         2.507292479         6.798494375         7.582846996
    S         1.442820095         0.618911789         4.773190374
    S         4.320979724         5.677578262         4.050968515
    S         1.629045587         4.590622853         0.430276114
    S         3.986525350         0.029720826         2.593827246
    S         1.173257271         3.837614925         3.630846992
    S         0.879980092         6.351950562         5.888512683
    S         1.141254756         5.491605382         9.113151374
    S         4.106791088         3.240294763         2.067590145
    S         4.644772080         1.385876635         8.546070700
    S         3.921264450         4.852072122         7.118942153
    S         4.068878997        -0.790320775         5.993495872
    S         4.591034591         6.177370759         0.835705598
    S         1.400764463         2.866317662         6.870838000
    S         1.267582448         6.966581374         2.775952339
    S         4.736217325         7.164155571         8.583201370
    S         3.838500391         2.341087888         5.076278405
    S         0.842999178         1.698551549         1.288537957
    S         2.091445940        -0.179597800         8.528200608
