CELL_PARAMETERS (angstrom)
         6.944618457         0.048714604         0.002547069
        -1.732499779         2.956417871        -0.008257315
        -1.586869624         0.710998286        27.294317925

ATOMIC_POSITIONS (angstrom)
   Mo         0.299731302         1.432487777        10.136800986
   Mo        -1.709605263         1.500648629        24.233397135
   Mo         3.650863693         1.331307766         9.803190595
   Mo         1.866690746         1.686731448        24.115440601
   Mo        -0.267557256        -0.908686318         3.638225361
   Mo        -1.410528569        -0.556708799        17.200872169
   Mo         3.108487399        -0.921353603         3.256906074
   Mo         1.977792386        -0.568706109        16.772865670
    S         2.130267277         2.388794022        11.439325099
    S         0.017170705         2.607302213        25.653714681
    S         5.477938242         2.377737876        11.583851113
    S         3.467511297         2.599445817        25.795603599
    S        -0.368706134         0.983557744         1.969409934
    S        -1.553368964         1.381783184        15.518418615
    S         3.228936811         1.117840376         1.856956059
    S         2.140493335         1.503025120        15.419561429
    S        -0.227780548         3.043995863         4.918731463
    S        -1.353853893         3.453547818        18.414403831
    S         3.099257356         2.983438403         5.018274505
    S         1.940465198         3.351543824        18.577750470
    S         1.975990632         0.294814850         8.424624683
    S         0.003669950         0.595414797        22.685588971
    S         5.589200090         0.452438635         8.460832871
    S         3.489421702         0.649127952        22.576752809
