CELL_PARAMETERS (angstrom)
         6.679093545        -0.000020905        -0.319755031
        -3.354032509         5.761121115         0.157604736
        -0.849542375        -0.735490949        13.298254288

ATOMIC_POSITIONS (angstrom)
   Mo        -0.411718925        -0.471008844         9.420014190
   Mo        -2.029263927         2.148280190        10.220258276
   Mo         2.970242868        -0.312087187         9.786773641
   Mo         0.982849444         1.894867134        10.612458139
   Mo        -0.423353883        -0.034277472         3.368752275
   Mo        -2.067754165         2.729192643         3.292858724
   Mo         2.788971557        -0.136713565         3.137702121
   Mo         1.267343662         2.835961192         3.124846715
    S         1.055383211        -0.234375829        11.386450153
    S        -0.656761258         3.104868255        11.964360334
    S         4.902488545         0.062090368        11.120244694
    S         2.909524464         2.686118327        11.555329233
    S        -0.366146778         1.660305789         1.652683467
    S        -2.310976092         4.795393357         1.856547199
    S         2.866230859         1.703250628         1.445975026
    S         1.019272153         4.801724242         1.570817385
    S        -0.310194323         2.028561339         4.827059825
    S        -2.134542524         4.540050039         5.016834229
    S         3.048412385         1.816108741         4.648175774
    S         1.166716259         4.698592048         4.805726237
    S         1.334975372         0.963963644         8.424727908
    S        -0.420311413         3.414744871         8.669252810
    S         4.596341263         0.568330771         7.910886586
    S         3.250335154         3.301869327         8.119438865
