CELL_PARAMETERS (angstrom)
         6.488819026        -0.011793340         0.073498784
        -1.611381683         2.802407472         0.045072452
         0.111888118        -0.028898842        26.016678289

ATOMIC_POSITIONS (angstrom)
   Mo         0.235128126         1.868614900         3.306462683
   Mo        -0.008749466         1.815375444        16.349999262
   Mo         3.480580333         1.861476173         3.396830162
   Mo         3.223202430         1.831276080        16.401417544
   Mo         1.569044716         0.949392570         9.738434993
   Mo         1.692655658         0.898651625        22.799119031
   Mo         4.821859695         0.930591248         9.736113394
   Mo         4.941317986         0.894271785        22.817409949
    S         1.825681388         0.847785937         4.892170338
    S         1.604384332         0.852813854        17.915294502
    S         5.089651846         0.882914570         4.971044307
    S         4.853387749         0.875204629        17.991529720
    S        -0.077911270         1.839929040        11.320443707
    S         0.040361711         1.798713222        24.385282513
    S         3.199980177         1.865255132        11.319417651
    S         3.285162101         1.828419346        24.397458965
    S         1.892242235         1.041995685         1.727108783
    S         1.614263362         0.901198934        14.752191854
    S         5.101194471         0.965939516         1.800460925
    S         4.829758576         0.921711188        14.828738101
    S        -0.026914913         1.929590795         8.162812498
    S         0.105931104         1.869365261        21.223552073
    S         3.208666270         1.858774321         8.157676609
    S         3.355199213         1.829349544        21.234837113
