CELL_PARAMETERS (angstrom)
         6.876624397         0.138498951        -0.142381608
        -1.705338229         2.856787227        -0.008657132
        -1.933666254        -3.580444649        26.229248537

ATOMIC_POSITIONS (angstrom)
   Mo        -0.042424704        -0.943103174         9.854243288
   Mo        -1.716848389        -3.316564371        22.803721238
   Mo         3.258928948        -0.649029784         9.358156987
   Mo         1.284700203        -3.436782074        23.943192855
   Mo        -0.214673843        -0.248806107         3.530900944
   Mo        -1.572068971        -2.202026688        16.226067628
   Mo         2.925764224        -0.259802204         3.049614546
   Mo         1.828240107        -2.051244304        16.168098639
    S         1.770372200        -1.684937335        11.209403651
    S        -0.598932035        -2.627945653        25.251548794
    S         4.909256756        -1.349165960        11.025616664
    S         3.306809407        -2.322639254        23.988022232
    S        -0.659257009         1.489452028         1.798025654
    S        -1.519587453        -0.294474734        14.649949554
    S         2.786659819         1.593935337         1.519523166
    S         1.855237058        -0.112464369        14.553686975
    S        -0.083230948         1.751343806         4.942301793
    S        -1.585513665        -0.265513333        17.790281156
    S         3.673136462         1.233618150         4.790501059
    S         1.808702974        -0.115672221        17.679941412
    S         1.381021757         0.130437111         8.068098241
    S         0.232395462        -2.091357276        22.192925664
    S         4.854223550         0.423758435         7.908163511
    S         3.957798374        -1.916043481        20.846727981
