CELL_PARAMETERS (angstrom)
         6.057292226         0.134415812        -0.092682826
        -0.429284019         6.796454359        -0.491311721
        -2.338373737        -1.297869021         8.473877590

ATOMIC_POSITIONS (angstrom)
   Mo         2.118931729         2.153384368         0.733108717
   Mo         0.995328763         2.550539185         5.217795390
   Mo        -1.007652729         3.264096032         7.521861185
   Mo         0.115498835         1.119938663         2.354850095
   Mo         5.148442500         5.611275243         0.586020657
    S         2.985774757         2.955752415         6.221695321
    S         0.974084113         0.073820123        -0.078203648
    S        -1.075871325         2.420692057         3.806820171
    S        -0.098734448         1.069102430         6.676778549
    S        -0.108696100         3.220296564         0.618860095
    S         2.182474554         2.228335117         3.181109241
    S         4.146580206         0.887285400         0.989059013
    S         0.091594816         4.557462780         5.855728486
    S         0.090457895         5.797504881         2.727744624
    S         2.942059151         4.536148205         0.814248556
