CELL_PARAMETERS (angstrom)
         6.861204048         0.158166727         0.331157754
        -1.615635668         2.856853452        -0.081404711
        -1.807304538        -5.497643008        25.987848758

ATOMIC_POSITIONS (angstrom)
   Mo         0.246346791        -1.387436153         9.871013249
   Mo        -1.554691747        -4.976098856        22.600327399
   Mo         3.415591924        -1.538279674         9.511064487
   Mo         1.185402477        -5.243007281        23.900598278
   Mo        -0.454540387        -0.156842407         3.650541344
   Mo        -1.682334199        -3.378518827        16.098597362
   Mo         2.576746007        -0.388746233         3.264003986
   Mo         1.870705074        -3.260325221        16.141587283
    S         2.035598349        -2.319979919        11.359811048
    S        -0.772889445        -4.482602592        25.040100759
    S         5.215484800        -2.392519430        11.186197092
    S         3.263176992        -4.127466448        23.983675427
    S        -0.849485081         1.416816931         1.848764978
    S        -1.546372872        -1.429593318        14.544117379
    S         2.492966236         1.410476871         1.659641979
    S         1.989363700        -1.271465076        14.557839695
    S         0.870636350         1.100469266         5.184938299
    S        -1.771990188        -1.475791490        17.766420090
    S         4.403581234         0.643303716         4.968250250
    S         1.788194612        -1.346977245        17.733768675
    S         1.641643046        -0.671267164         7.989805213
    S         0.347632519        -3.823576286        22.043989656
    S         5.299984965        -0.427404549         8.498879256
    S         4.439605137        -3.437836507        21.021901876
