CELL_PARAMETERS (angstrom)
         6.893120715         0.049269856        -0.021045261
        -1.724431252         2.934419053        -0.010592677
        -1.390150180        -4.305606224        27.901339622

ATOMIC_POSITIONS (angstrom)
   Mo         1.026849338         1.053486353         3.515512110
   Mo        -1.606628857        -1.471723227        17.862667053
   Mo         4.320859114         0.952140327         3.810565096
   Mo         2.166340436        -1.336652262        17.742506173
   Mo         0.924457448        -0.038952241        10.163926968
   Mo         0.277710936        -2.255513160        24.394824922
   Mo         4.204890319        -0.061942096         9.884267537
   Mo         3.812800685        -2.128859081        24.093600469
    S         2.645519891         1.913092263         5.326509141
    S         0.279723496        -0.483995477        19.254460696
    S         6.170286912         2.025914582         5.079675082
    S         3.702005525        -0.431908360        19.443125672
    S        -0.842827854         0.903855618        11.645476333
    S        -1.490082536        -1.297329857        25.890677699
    S         2.656679816         0.983937601        11.526707485
    S         2.031718902        -1.121831329        25.696603810
    S         2.775266700         0.098335364         2.020476049
    S         0.257948189        -2.391462021        16.331550997
    S         6.128352029         0.002642110         2.218187606
    S         3.733871170        -2.388743931        16.150247060
    S        -0.803059786        -0.990681021         8.489650145
    S        -1.333870780        -3.107568708        22.629297775
    S         2.539244656        -1.064099646         8.463902594
    S         1.970662863        -3.130095689        22.793142560
