CELL_PARAMETERS (angstrom)
         6.791538102        -0.076086066         0.063781624
        -3.553950340         6.020978472         0.080383192
        -1.692909206        -0.324562149        19.258196828

ATOMIC_POSITIONS (angstrom)
   Mo         1.336266906         1.376038000         6.293104523
   Mo        -0.343397331         4.303648325         6.401124685
   Mo         4.685084302         1.314793537         6.414856626
   Mo         2.988474945         4.049705145         6.970061671
   Mo        -1.125023811         0.945692332        12.958321615
   Mo        -2.829603245         4.060319517        12.727833575
   Mo         2.267560710         1.119060410        13.092869446
   Mo         0.526980215         4.030058872        12.579265790
   Mo        -1.910663871        -0.602553954        19.068340380
   Mo        -4.036680145         2.715202645        19.856915922
   Mo         1.189824629        -0.357382864        19.775545016
   Mo        -0.320768111         2.381532259        19.175829678
    S        -0.464404133         1.786244865         1.214496337
    S        -2.497159567         5.104834839         1.905064222
    S         2.652345718         1.993563605         1.910842608
    S         1.193452033         4.739034840         1.358260106
    S        -0.389012926         0.935708828         4.618359203
    S        -2.228820953         3.541353546         5.106838581
    S         3.115727346         0.348793769         4.746767826
    S         1.584829102         3.497807605         5.043224012
    S        -0.395302067         0.270326743         7.767519544
    S        -2.103815535         3.044795054         8.209875041
    S         2.952930011         0.183644352         7.818231635
    S         1.093141428         3.096335908         8.053690658
    S         0.546136774         0.016345694        11.363974243
    S        -1.156900396         2.805489431        11.335758759
    S         3.879856490         0.052709626        11.383873404
    S         2.296682165         2.800522188        11.338164968
    S         0.503976971         1.921850827        14.482389142
    S        -1.096704070         4.938653767        14.226350350
    S         3.997898560         1.941018141        14.533786515
    S         2.159827492         4.755656194        14.257884843
    S        -1.495069613         1.109114721        17.396213763
    S        -3.487720738         4.353440633        18.131388741
    S         1.622911792         1.369014350        18.132370566
    S         0.092131094         4.121002793        17.488724618
