CELL_PARAMETERS (angstrom)
         6.916772169        -0.070780558        -0.044424924
        -3.821661395         6.201074073         0.057891226
        -0.987347385        -1.459464687        12.605255161

ATOMIC_POSITIONS (angstrom)
   Mo         0.426328301         1.378818421         3.666280389
   Mo        -1.899782368         4.571314584         2.779891104
   Mo         3.561861191         1.603957995         2.874307587
   Mo         1.987709804         4.603320531         3.838020721
   Mo         0.106721849        -0.362089251         9.426546982
   Mo        -1.992358620         2.677287484         9.304930667
   Mo         3.764429559        -0.376408348         9.300617877
   Mo         1.657375121         2.887428593         9.374345691
    S         0.963531721        -0.773735421         4.808823725
    S        -0.225081170         3.627026503         4.394321017
    S         5.227644295         0.663283558         4.694445545
    S         2.355547013         2.372498329         4.836957125
    S        -1.511488317         0.876719131        10.834016353
    S        -3.460837926         3.934564938        10.899870581
    S         1.881454072         0.824735877        10.707041707
    S        -0.082109170         3.904056829        10.833003468
    S         1.620430699         0.609546900         1.720328842
    S         0.312702586         5.538235192         2.211668681
    S         5.546609715         2.290427211         1.647139578
    S         2.951274593         3.802870461         1.758143216
    S        -0.091818500         2.004348102         7.878251714
    S        -1.918988093         4.870070913         7.967386766
    S         3.298307104         1.669355257         7.827657692
    S         1.591395248         4.893052243         7.836156392
